2011-08-30 09:38:06 Notice: Notice (1024): Please change the value of 'Security.salt' in app/config/core.php to a salt value specific to your application in [/var/www/cake/libs/debugger.php, line 694]
2011-08-30 09:38:06 Notice: Notice (1024): Please change the value of 'Security.cipherSeed' in app/config/core.php to a numeric (digits only) seed value specific to your application in [/var/www/cake/libs/debugger.php, line 698]
2011-08-30 09:38:40 Notice: Notice (1024): Please change the value of 'Security.salt' in app/config/core.php to a salt value specific to your application in [/var/www/cake/libs/debugger.php, line 694]
2011-08-30 09:38:40 Notice: Notice (1024): Please change the value of 'Security.cipherSeed' in app/config/core.php to a numeric (digits only) seed value specific to your application in [/var/www/cake/libs/debugger.php, line 698]
2011-08-30 09:42:14 Notice: Notice (1024): Please change the value of 'Security.salt' in app/config/core.php to a salt value specific to your application in [/var/www/cake/libs/debugger.php, line 694]
2011-08-30 09:42:14 Notice: Notice (1024): Please change the value of 'Security.cipherSeed' in app/config/core.php to a numeric (digits only) seed value specific to your application in [/var/www/cake/libs/debugger.php, line 698]
2011-08-30 09:44:00 Notice: Notice (1024): Please change the value of 'Security.salt' in app/config/core.php to a salt value specific to your application in [/var/www/cake/libs/debugger.php, line 694]
2011-08-30 09:44:00 Notice: Notice (1024): Please change the value of 'Security.cipherSeed' in app/config/core.php to a numeric (digits only) seed value specific to your application in [/var/www/cake/libs/debugger.php, line 698]
2011-08-30 09:44:35 Notice: Notice (1024): Please change the value of 'Security.cipherSeed' in app/config/core.php to a numeric (digits only) seed value specific to your application in [/var/www/cake/libs/debugger.php, line 698]
2011-08-31 10:08:31 Notice: Notice (8): Undefined property: PagesController::$Software in [/var/www/app/controllers/pages_controller.php, line 67]
2011-08-31 10:12:47 Notice: Notice (8): Undefined property: PagesController::$Software in [/var/www/app/controllers/pages_controller.php, line 68]
2011-09-01 12:40:25 Notice: Notice (8): Undefined variable: i in [/var/www/app/views/pages/home.ctp, line 29]
2011-09-01 12:40:25 Notice: Notice (8): Undefined variable: var in [/var/www/app/views/pages/home.ctp, line 31]
2011-09-01 12:40:46 Notice: Notice (8): Undefined variable: var in [/var/www/app/views/pages/home.ctp, line 32]
2011-09-01 12:41:25 Notice: Notice (8): Use of undefined constant Software - assumed 'Software' in [/var/www/app/views/pages/home.ctp, line 35]
2011-09-01 12:41:25 Notice: Notice (8): Use of undefined constant softCat - assumed 'softCat' in [/var/www/app/views/pages/home.ctp, line 35]
2011-09-01 12:41:25 Notice: Notice (8): Use of undefined constant Software - assumed 'Software' in [/var/www/app/views/pages/home.ctp, line 37]
2011-09-01 12:41:25 Notice: Notice (8): Use of undefined constant softName - assumed 'softName' in [/var/www/app/views/pages/home.ctp, line 37]
2011-09-01 12:42:28 Notice: Notice (8): Use of undefined constant Software - assumed 'Software' in [/var/www/app/views/pages/home.ctp, line 35]
2011-09-01 12:42:28 Notice: Notice (8): Use of undefined constant softCat - assumed 'softCat' in [/var/www/app/views/pages/home.ctp, line 35]
2011-09-01 12:42:28 Notice: Notice (8): Use of undefined constant Software - assumed 'Software' in [/var/www/app/views/pages/home.ctp, line 37]
2011-09-01 12:42:28 Notice: Notice (8): Use of undefined constant softName - assumed 'softName' in [/var/www/app/views/pages/home.ctp, line 37]
2011-09-01 12:52:43 Notice: Notice (8): Undefined variable: w00t2 in [/var/www/app/views/pages/home.ctp, line 40]
2011-09-01 13:22:03 Notice: Notice (8): Undefined variable: software in [/var/www/app/views/layouts/default.ctp, line 368]
2011-09-01 13:22:03 Notice: Notice (8): Undefined variable: w00t1 in [/var/www/app/views/layouts/default.ctp, line 369]
2011-09-01 13:37:55 Notice: Notice (8): Undefined property: View::$Software in [/var/www/app/views/pages/home.ctp, line 44]
2011-09-01 13:37:58 Notice: Notice (8): Undefined property: View::$Software in [/var/www/app/views/pages/home.ctp, line 44]
2011-09-01 13:42:04 Notice: Notice (8): Undefined property: View::$Software in [/var/www/app/views/pages/home.ctp, line 46]
2011-09-01 13:45:10 Notice: Notice (8): Undefined property: View::$_findMethods in [/var/www/cake/libs/model/model.php, line 2070]
2011-09-01 13:45:11 Notice: Notice (8): Undefined property: View::$_findMethods in [/var/www/cake/libs/model/model.php, line 2070]
2011-09-01 21:31:03 Notice: Notice (8): Array to string conversion in [/var/www/cake/libs/router.php, line 1573]
2011-09-01 21:31:14 Notice: Notice (8): Array to string conversion in [/var/www/cake/libs/router.php, line 1573]
2011-09-01 21:31:53 Notice: Notice (8): Array to string conversion in [/var/www/cake/libs/router.php, line 1573]
