2012-06-19 10:32:27 Error: [MissingControllerException] Controller class SoftwareController could not be found.
#0 /var/www/app/webroot/index.php(92): Dispatcher->dispatch(Object(CakeRequest), Object(CakeResponse))
#1 {main}
2012-06-19 11:13:55 Error: [MissingControllerException] Controller class SoftwareController could not be found.
#0 /var/www/app/webroot/index.php(92): Dispatcher->dispatch(Object(CakeRequest), Object(CakeResponse))
#1 {main}
2012-06-19 11:14:03 Error: [MissingControllerException] Controller class SoftwareController could not be found.
#0 /var/www/app/webroot/index.php(92): Dispatcher->dispatch(Object(CakeRequest), Object(CakeResponse))
#1 {main}
2012-06-19 11:14:12 Error: [MissingViewException] View file "/var/www/app/View/Software/index.ctp" is missing.
#0 /var/www/lib/Cake/View/View.php(462): View->_getViewFileName(NULL)
#1 /var/www/lib/Cake/Controller/Controller.php(959): View->render(NULL, NULL)
#2 /var/www/lib/Cake/Routing/Dispatcher.php(110): Controller->render()
#3 /var/www/lib/Cake/Routing/Dispatcher.php(85): Dispatcher->_invoke(Object(SoftwareController), Object(CakeRequest), Object(CakeResponse))
#4 /var/www/app/webroot/index.php(92): Dispatcher->dispatch(Object(CakeRequest), Object(CakeResponse))
#5 {main}
2012-06-19 11:25:40 Error: [MissingTableException] Table softwares for model Software was not found in datasource default.
#0 /var/www/lib/Cake/Model/Model.php(3443): Model->setSource('softwares')
#1 /var/www/lib/Cake/Model/Model.php(2698): Model->getDataSource()
#2 /var/www/app/Controller/SoftwareController.php(10): Model->find('all')
#3 [internal function]: SoftwareController->index()
#4 /var/www/lib/Cake/Controller/Controller.php(485): ReflectionMethod->invokeArgs(Object(SoftwareController), Array)
#5 /var/www/lib/Cake/Routing/Dispatcher.php(103): Controller->invokeAction(Object(CakeRequest))
#6 /var/www/lib/Cake/Routing/Dispatcher.php(85): Dispatcher->_invoke(Object(SoftwareController), Object(CakeRequest), Object(CakeResponse))
#7 /var/www/app/webroot/index.php(92): Dispatcher->dispatch(Object(CakeRequest), Object(CakeResponse))
#8 {main}
2012-06-19 11:26:12 Error: [MissingViewException] View file "/var/www/app/View/Software/index.ctp" is missing.
#0 /var/www/lib/Cake/View/View.php(462): View->_getViewFileName(NULL)
#1 /var/www/lib/Cake/Controller/Controller.php(959): View->render(NULL, NULL)
#2 /var/www/lib/Cake/Routing/Dispatcher.php(110): Controller->render()
#3 /var/www/lib/Cake/Routing/Dispatcher.php(85): Dispatcher->_invoke(Object(SoftwareController), Object(CakeRequest), Object(CakeResponse))
#4 /var/www/app/webroot/index.php(92): Dispatcher->dispatch(Object(CakeRequest), Object(CakeResponse))
#5 {main}
2012-06-19 11:26:50 Error: [MissingActionException] Action SoftwareController::json() could not be found.
#0 /var/www/lib/Cake/Routing/Dispatcher.php(103): Controller->invokeAction(Object(CakeRequest))
#1 /var/www/lib/Cake/Routing/Dispatcher.php(85): Dispatcher->_invoke(Object(SoftwareController), Object(CakeRequest), Object(CakeResponse))
#2 /var/www/app/webroot/index.php(92): Dispatcher->dispatch(Object(CakeRequest), Object(CakeResponse))
#3 {main}
2012-06-19 11:26:57 Error: [MissingViewException] View file "/var/www/app/View/Software/index.ctp" is missing.
#0 /var/www/lib/Cake/View/View.php(462): View->_getViewFileName(NULL)
#1 /var/www/lib/Cake/Controller/Controller.php(959): View->render(NULL, NULL)
#2 /var/www/lib/Cake/Routing/Dispatcher.php(110): Controller->render()
#3 /var/www/lib/Cake/Routing/Dispatcher.php(85): Dispatcher->_invoke(Object(SoftwareController), Object(CakeRequest), Object(CakeResponse))
#4 /var/www/app/webroot/index.php(92): Dispatcher->dispatch(Object(CakeRequest), Object(CakeResponse))
#5 {main}
2012-06-19 11:50:31 Error: [PDOException] SQLSTATE[42000]: Syntax error or access violation: 1064 You have an error in your SQL syntax; check the manual that corresponds to your MySQL server version for the right syntax to use near '== 'i386'' at line 1
#0 /var/www/lib/Cake/Model/Datasource/DboSource.php(437): PDOStatement->execute(Array)
#1 /var/www/lib/Cake/Model/Datasource/DboSource.php(403): DboSource->_execute('SELECT `Softwar...', Array)
#2 /var/www/lib/Cake/Model/Datasource/DboSource.php(647): DboSource->execute('SELECT `Softwar...', Array, Array)
#3 /var/www/lib/Cake/Model/Datasource/DboSource.php(1058): DboSource->fetchAll('SELECT `Softwar...', false)
#4 /var/www/lib/Cake/Model/Model.php(2698): DboSource->read(Object(AppModel), Array)
#5 /var/www/app/Controller/SoftwareController.php(10): Model->find('all', Array)
#6 [internal function]: SoftwareController->index()
#7 /var/www/lib/Cake/Controller/Controller.php(485): ReflectionMethod->invokeArgs(Object(SoftwareController), Array)
#8 /var/www/lib/Cake/Routing/Dispatcher.php(103): Controller->invokeAction(Object(CakeRequest))
#9 /var/www/lib/Cake/Routing/Dispatcher.php(85): Dispatcher->_invoke(Object(SoftwareController), Object(CakeRequest), Object(CakeResponse))
#10 /var/www/app/webroot/index.php(92): Dispatcher->dispatch(Object(CakeRequest), Object(CakeResponse))
#11 {main}
2012-06-19 11:55:14 Error: [MissingViewException] View file "/var/www/app/View/Software/index.ctp" is missing.
#0 /var/www/lib/Cake/View/View.php(462): View->_getViewFileName(NULL)
#1 /var/www/lib/Cake/Controller/Controller.php(959): View->render(NULL, NULL)
#2 /var/www/lib/Cake/Routing/Dispatcher.php(110): Controller->render()
#3 /var/www/lib/Cake/Routing/Dispatcher.php(85): Dispatcher->_invoke(Object(SoftwareController), Object(CakeRequest), Object(CakeResponse))
#4 /var/www/app/webroot/index.php(92): Dispatcher->dispatch(Object(CakeRequest), Object(CakeResponse))
#5 {main}
2012-06-19 11:55:26 Error: [MissingViewException] View file "/var/www/app/View/Software/index.ctp" is missing.
#0 /var/www/lib/Cake/View/View.php(462): View->_getViewFileName(NULL)
#1 /var/www/lib/Cake/Controller/Controller.php(959): View->render(NULL, NULL)
#2 /var/www/lib/Cake/Routing/Dispatcher.php(110): Controller->render()
#3 /var/www/lib/Cake/Routing/Dispatcher.php(85): Dispatcher->_invoke(Object(SoftwareController), Object(CakeRequest), Object(CakeResponse))
#4 /var/www/app/webroot/index.php(92): Dispatcher->dispatch(Object(CakeRequest), Object(CakeResponse))
#5 {main}
2012-06-19 11:55:28 Error: [MissingViewException] View file "/var/www/app/View/Software/index.ctp" is missing.
#0 /var/www/lib/Cake/View/View.php(462): View->_getViewFileName(NULL)
#1 /var/www/lib/Cake/Controller/Controller.php(959): View->render(NULL, NULL)
#2 /var/www/lib/Cake/Routing/Dispatcher.php(110): Controller->render()
#3 /var/www/lib/Cake/Routing/Dispatcher.php(85): Dispatcher->_invoke(Object(SoftwareController), Object(CakeRequest), Object(CakeResponse))
#4 /var/www/app/webroot/index.php(92): Dispatcher->dispatch(Object(CakeRequest), Object(CakeResponse))
#5 {main}
2012-06-19 11:55:29 Error: [MissingViewException] View file "/var/www/app/View/Software/index.ctp" is missing.
#0 /var/www/lib/Cake/View/View.php(462): View->_getViewFileName(NULL)
#1 /var/www/lib/Cake/Controller/Controller.php(959): View->render(NULL, NULL)
#2 /var/www/lib/Cake/Routing/Dispatcher.php(110): Controller->render()
#3 /var/www/lib/Cake/Routing/Dispatcher.php(85): Dispatcher->_invoke(Object(SoftwareController), Object(CakeRequest), Object(CakeResponse))
#4 /var/www/app/webroot/index.php(92): Dispatcher->dispatch(Object(CakeRequest), Object(CakeResponse))
#5 {main}
2012-06-19 11:56:03 Error: [MissingActionException] Action SoftwareController::i386() could not be found.
#0 /var/www/lib/Cake/Routing/Dispatcher.php(103): Controller->invokeAction(Object(CakeRequest))
#1 /var/www/lib/Cake/Routing/Dispatcher.php(85): Dispatcher->_invoke(Object(SoftwareController), Object(CakeRequest), Object(CakeResponse))
#2 /var/www/app/webroot/index.php(92): Dispatcher->dispatch(Object(CakeRequest), Object(CakeResponse))
#3 {main}
2012-06-19 11:58:38 Error: [MissingActionException] Action SoftwareController::i386() could not be found.
#0 /var/www/lib/Cake/Routing/Dispatcher.php(103): Controller->invokeAction(Object(CakeRequest))
#1 /var/www/lib/Cake/Routing/Dispatcher.php(85): Dispatcher->_invoke(Object(SoftwareController), Object(CakeRequest), Object(CakeResponse))
#2 /var/www/app/webroot/index.php(92): Dispatcher->dispatch(Object(CakeRequest), Object(CakeResponse))
#3 {main}
2012-06-19 13:12:09 Error: [MissingControllerException] Controller class SoftbundleController could not be found.
#0 /var/www/app/webroot/index.php(92): Dispatcher->dispatch(Object(CakeRequest), Object(CakeResponse))
#1 {main}
2012-06-19 13:12:33 Error: [MissingControllerException] Controller class SoftbundleController could not be found.
#0 /var/www/app/webroot/index.php(92): Dispatcher->dispatch(Object(CakeRequest), Object(CakeResponse))
#1 {main}
2012-06-19 13:13:11 Error: [PDOException] SQLSTATE[42S22]: Column not found: 1054 Unknown column 'Software.arch' in 'where clause'
#0 /var/www/lib/Cake/Model/Datasource/DboSource.php(437): PDOStatement->execute(Array)
#1 /var/www/lib/Cake/Model/Datasource/DboSource.php(403): DboSource->_execute('SELECT `Softbun...', Array)
#2 /var/www/lib/Cake/Model/Datasource/DboSource.php(647): DboSource->execute('SELECT `Softbun...', Array, Array)
#3 /var/www/lib/Cake/Model/Datasource/DboSource.php(1058): DboSource->fetchAll('SELECT `Softbun...', false)
#4 /var/www/lib/Cake/Model/Model.php(2698): DboSource->read(Object(AppModel), Array)
#5 /var/www/app/Controller/SoftbundleController.php(18): Model->find('all', Array)
#6 [internal function]: SoftbundleController->uname('jose')
#7 /var/www/lib/Cake/Controller/Controller.php(485): ReflectionMethod->invokeArgs(Object(SoftbundleController), Array)
#8 /var/www/lib/Cake/Routing/Dispatcher.php(103): Controller->invokeAction(Object(CakeRequest))
#9 /var/www/lib/Cake/Routing/Dispatcher.php(85): Dispatcher->_invoke(Object(SoftbundleController), Object(CakeRequest), Object(CakeResponse))
#10 /var/www/app/webroot/index.php(92): Dispatcher->dispatch(Object(CakeRequest), Object(CakeResponse))
#11 {main}
2012-06-19 13:22:52 Error: [MissingViewException] View file "/var/www/app/View/Auth/index.ctp" is missing.
#0 /var/www/lib/Cake/View/View.php(462): View->_getViewFileName(NULL)
#1 /var/www/lib/Cake/Controller/Controller.php(959): View->render(NULL, NULL)
#2 /var/www/lib/Cake/Routing/Dispatcher.php(110): Controller->render()
#3 /var/www/lib/Cake/Routing/Dispatcher.php(85): Dispatcher->_invoke(Object(AuthController), Object(CakeRequest), Object(CakeResponse))
#4 /var/www/app/webroot/index.php(92): Dispatcher->dispatch(Object(CakeRequest), Object(CakeResponse))
#5 {main}
2012-06-19 13:28:50 Error: [MissingViewException] View file "/var/www/app/View/Auth/index.ctp" is missing.
#0 /var/www/lib/Cake/View/View.php(462): View->_getViewFileName(NULL)
#1 /var/www/lib/Cake/Controller/Controller.php(959): View->render(NULL, NULL)
#2 /var/www/lib/Cake/Routing/Dispatcher.php(110): Controller->render()
#3 /var/www/lib/Cake/Routing/Dispatcher.php(85): Dispatcher->_invoke(Object(AuthController), Object(CakeRequest), Object(CakeResponse))
#4 /var/www/app/webroot/index.php(92): Dispatcher->dispatch(Object(CakeRequest), Object(CakeResponse))
#5 {main}
2012-06-19 13:28:54 Error: [MissingViewException] View file "/var/www/app/View/Auth/index.ctp" is missing.
#0 /var/www/lib/Cake/View/View.php(462): View->_getViewFileName(NULL)
#1 /var/www/lib/Cake/Controller/Controller.php(959): View->render(NULL, NULL)
#2 /var/www/lib/Cake/Routing/Dispatcher.php(110): Controller->render()
#3 /var/www/lib/Cake/Routing/Dispatcher.php(85): Dispatcher->_invoke(Object(AuthController), Object(CakeRequest), Object(CakeResponse))
#4 /var/www/app/webroot/index.php(92): Dispatcher->dispatch(Object(CakeRequest), Object(CakeResponse))
#5 {main}
2012-06-19 14:03:40 Error: [MissingActionException] Action SoftbundleController::fetchPublicKey() could not be found.
#0 /var/www/lib/Cake/Routing/Dispatcher.php(103): Controller->invokeAction(Object(CakeRequest))
#1 /var/www/lib/Cake/Routing/Dispatcher.php(85): Dispatcher->_invoke(Object(SoftbundleController), Object(CakeRequest), Object(CakeResponse))
#2 /var/www/app/webroot/index.php(92): Dispatcher->dispatch(Object(CakeRequest), Object(CakeResponse))
#3 {main}
2012-06-19 14:16:56 Error: [MissingActionException] Action AuthController::fetchPublicKey() could not be found.
#0 /var/www/lib/Cake/Routing/Dispatcher.php(103): Controller->invokeAction(Object(CakeRequest))
#1 /var/www/lib/Cake/Routing/Dispatcher.php(85): Dispatcher->_invoke(Object(AuthController), Object(CakeRequest), Object(CakeResponse))
#2 /var/www/app/webroot/index.php(92): Dispatcher->dispatch(Object(CakeRequest), Object(CakeResponse))
#3 {main}
2012-06-19 14:21:27 Error: [MissingViewException] View file "/var/www/app/View/Auth/fetch_public_key.ctp" is missing.
#0 /var/www/lib/Cake/View/View.php(462): View->_getViewFileName(NULL)
#1 /var/www/lib/Cake/Controller/Controller.php(959): View->render(NULL, NULL)
#2 /var/www/lib/Cake/Routing/Dispatcher.php(110): Controller->render()
#3 /var/www/lib/Cake/Routing/Dispatcher.php(85): Dispatcher->_invoke(Object(AuthController), Object(CakeRequest), Object(CakeResponse))
#4 /var/www/app/webroot/index.php(92): Dispatcher->dispatch(Object(CakeRequest), Object(CakeResponse))
#5 {main}
2012-06-19 14:21:43 Error: [MissingViewException] View file "/var/www/app/View/Auth/fetch_public_key.ctp" is missing.
#0 /var/www/lib/Cake/View/View.php(462): View->_getViewFileName(NULL)
#1 /var/www/lib/Cake/Controller/Controller.php(959): View->render(NULL, NULL)
#2 /var/www/lib/Cake/Routing/Dispatcher.php(110): Controller->render()
#3 /var/www/lib/Cake/Routing/Dispatcher.php(85): Dispatcher->_invoke(Object(AuthController), Object(CakeRequest), Object(CakeResponse))
#4 /var/www/app/webroot/index.php(92): Dispatcher->dispatch(Object(CakeRequest), Object(CakeResponse))
#5 {main}
2012-06-19 15:03:17 Error: [MissingViewException] View file "/var/www/app/View/Auth/index.ctp" is missing.
#0 /var/www/lib/Cake/View/View.php(462): View->_getViewFileName(NULL)
#1 /var/www/lib/Cake/Controller/Controller.php(959): View->render(NULL, NULL)
#2 /var/www/lib/Cake/Routing/Dispatcher.php(110): Controller->render()
#3 /var/www/lib/Cake/Routing/Dispatcher.php(85): Dispatcher->_invoke(Object(AuthController), Object(CakeRequest), Object(CakeResponse))
#4 /var/www/app/webroot/index.php(92): Dispatcher->dispatch(Object(CakeRequest), Object(CakeResponse))
#5 {main}
2012-06-19 15:04:43 Error: [MissingViewException] View file "/var/www/app/View/Auth/index.ctp" is missing.
#0 /var/www/lib/Cake/View/View.php(462): View->_getViewFileName(NULL)
#1 /var/www/lib/Cake/Controller/Controller.php(959): View->render(NULL, NULL)
#2 /var/www/lib/Cake/Routing/Dispatcher.php(110): Controller->render()
#3 /var/www/lib/Cake/Routing/Dispatcher.php(85): Dispatcher->_invoke(Object(AuthController), Object(CakeRequest), Object(CakeResponse))
#4 /var/www/app/webroot/index.php(92): Dispatcher->dispatch(Object(CakeRequest), Object(CakeResponse))
#5 {main}
2012-06-19 15:05:18 Error: [MissingViewException] View file "/var/www/app/View/Auth/index.ctp" is missing.
#0 /var/www/lib/Cake/View/View.php(462): View->_getViewFileName(NULL)
#1 /var/www/lib/Cake/Controller/Controller.php(959): View->render(NULL, NULL)
#2 /var/www/lib/Cake/Routing/Dispatcher.php(110): Controller->render()
#3 /var/www/lib/Cake/Routing/Dispatcher.php(85): Dispatcher->_invoke(Object(AuthController), Object(CakeRequest), Object(CakeResponse))
#4 /var/www/app/webroot/index.php(92): Dispatcher->dispatch(Object(CakeRequest), Object(CakeResponse))
#5 {main}
2012-06-19 15:06:12 Error: [MissingViewException] View file "/var/www/app/View/Auth/index.ctp" is missing.
#0 /var/www/lib/Cake/View/View.php(462): View->_getViewFileName(NULL)
#1 /var/www/lib/Cake/Controller/Controller.php(959): View->render(NULL, NULL)
#2 /var/www/lib/Cake/Routing/Dispatcher.php(110): Controller->render()
#3 /var/www/lib/Cake/Routing/Dispatcher.php(85): Dispatcher->_invoke(Object(AuthController), Object(CakeRequest), Object(CakeResponse))
#4 /var/www/app/webroot/index.php(92): Dispatcher->dispatch(Object(CakeRequest), Object(CakeResponse))
#5 {main}
2012-06-19 15:56:04 Error: [MissingViewException] View file "/var/www/app/View/Auth/encrypt.ctp" is missing.
#0 /var/www/lib/Cake/View/View.php(462): View->_getViewFileName(NULL)
#1 /var/www/lib/Cake/Controller/Controller.php(959): View->render(NULL, NULL)
#2 /var/www/lib/Cake/Routing/Dispatcher.php(110): Controller->render()
#3 /var/www/lib/Cake/Routing/Dispatcher.php(85): Dispatcher->_invoke(Object(AuthController), Object(CakeRequest), Object(CakeResponse))
#4 /var/www/app/webroot/index.php(92): Dispatcher->dispatch(Object(CakeRequest), Object(CakeResponse))
#5 {main}
2012-06-19 16:01:10 Error: [MissingViewException] View file "/var/www/app/View/Auth/index.ctp" is missing.
#0 /var/www/lib/Cake/View/View.php(462): View->_getViewFileName(NULL)
#1 /var/www/lib/Cake/Controller/Controller.php(959): View->render(NULL, NULL)
#2 /var/www/lib/Cake/Routing/Dispatcher.php(110): Controller->render()
#3 /var/www/lib/Cake/Routing/Dispatcher.php(85): Dispatcher->_invoke(Object(AuthController), Object(CakeRequest), Object(CakeResponse))
#4 /var/www/app/webroot/index.php(92): Dispatcher->dispatch(Object(CakeRequest), Object(CakeResponse))
#5 {main}
2012-06-20 11:07:51 Error: [MissingViewException] View file "/var/www/app/View/Auth/index.ctp" is missing.
#0 /var/www/lib/Cake/View/View.php(462): View->_getViewFileName(NULL)
#1 /var/www/lib/Cake/Controller/Controller.php(959): View->render(NULL, NULL)
#2 /var/www/lib/Cake/Routing/Dispatcher.php(110): Controller->render()
#3 /var/www/lib/Cake/Routing/Dispatcher.php(85): Dispatcher->_invoke(Object(AuthController), Object(CakeRequest), Object(CakeResponse))
#4 /var/www/app/webroot/index.php(92): Dispatcher->dispatch(Object(CakeRequest), Object(CakeResponse))
#5 {main}
2012-06-20 12:10:24 Error: [MissingViewException] View file "/var/www/app/View/Auth/index.ctp" is missing.
#0 /var/www/lib/Cake/View/View.php(462): View->_getViewFileName(NULL)
#1 /var/www/lib/Cake/Controller/Controller.php(959): View->render(NULL, NULL)
#2 /var/www/lib/Cake/Routing/Dispatcher.php(110): Controller->render()
#3 /var/www/lib/Cake/Routing/Dispatcher.php(85): Dispatcher->_invoke(Object(AuthController), Object(CakeRequest), Object(CakeResponse))
#4 /var/www/app/webroot/index.php(92): Dispatcher->dispatch(Object(CakeRequest), Object(CakeResponse))
#5 {main}
2012-06-20 14:34:25 Error: [MissingViewException] View file "/var/www/app/View/Auth/user_data.ctp" is missing.
#0 /var/www/lib/Cake/View/View.php(462): View->_getViewFileName(NULL)
#1 /var/www/lib/Cake/Controller/Controller.php(959): View->render(NULL, NULL)
#2 /var/www/lib/Cake/Routing/Dispatcher.php(110): Controller->render()
#3 /var/www/lib/Cake/Routing/Dispatcher.php(85): Dispatcher->_invoke(Object(AuthController), Object(CakeRequest), Object(CakeResponse))
#4 /var/www/app/webroot/index.php(92): Dispatcher->dispatch(Object(CakeRequest), Object(CakeResponse))
#5 {main}
2012-06-20 14:45:10 Error: [MissingControllerException] Controller class MetaController could not be found.
#0 /var/www/app/webroot/index.php(92): Dispatcher->dispatch(Object(CakeRequest), Object(CakeResponse))
#1 {main}
2012-06-20 14:53:45 Error: [MissingControllerException] Controller class MetaController could not be found.
#0 /var/www/app/webroot/index.php(92): Dispatcher->dispatch(Object(CakeRequest), Object(CakeResponse))
#1 {main}
2012-06-21 12:22:02 Error: [MissingControllerException] Controller class Quote.jsController could not be found.
#0 /var/www/app/webroot/index.php(92): Dispatcher->dispatch(Object(CakeRequest), Object(CakeResponse))
#1 {main}
2012-06-21 12:22:09 Error: [MissingControllerException] Controller class Quote.jsController could not be found.
#0 /var/www/app/webroot/index.php(92): Dispatcher->dispatch(Object(CakeRequest), Object(CakeResponse))
#1 {main}
2012-06-21 12:23:23 Error: [MissingControllerException] Controller class Quote.jsController could not be found.
#0 /var/www/app/webroot/index.php(92): Dispatcher->dispatch(Object(CakeRequest), Object(CakeResponse))
#1 {main}
2012-06-21 12:23:24 Error: [MissingControllerException] Controller class Quote.jsController could not be found.
#0 /var/www/app/webroot/index.php(92): Dispatcher->dispatch(Object(CakeRequest), Object(CakeResponse))
#1 {main}
2012-06-21 12:23:43 Error: [MissingControllerException] Controller class Quote.jsController could not be found.
#0 /var/www/app/webroot/index.php(92): Dispatcher->dispatch(Object(CakeRequest), Object(CakeResponse))
#1 {main}
2012-06-21 12:23:43 Error: [MissingControllerException] Controller class Quote.jsController could not be found.
#0 /var/www/app/webroot/index.php(92): Dispatcher->dispatch(Object(CakeRequest), Object(CakeResponse))
#1 {main}
2012-06-21 12:23:50 Error: [MissingControllerException] Controller class Quote.jsController could not be found.
#0 /var/www/app/webroot/index.php(92): Dispatcher->dispatch(Object(CakeRequest), Object(CakeResponse))
#1 {main}
2012-06-21 12:23:50 Error: [MissingControllerException] Controller class Quote.jsController could not be found.
#0 /var/www/app/webroot/index.php(92): Dispatcher->dispatch(Object(CakeRequest), Object(CakeResponse))
#1 {main}
2012-06-21 12:26:37 Error: [MissingControllerException] Controller class Quote.jsController could not be found.
#0 /var/www/app/webroot/index.php(92): Dispatcher->dispatch(Object(CakeRequest), Object(CakeResponse))
#1 {main}
2012-06-21 12:26:43 Error: [MissingControllerException] Controller class Quote.jsController could not be found.
#0 /var/www/app/webroot/index.php(92): Dispatcher->dispatch(Object(CakeRequest), Object(CakeResponse))
#1 {main}
2012-06-21 12:29:02 Error: [MissingControllerException] Controller class Quote.jsController could not be found.
#0 /var/www/app/webroot/index.php(92): Dispatcher->dispatch(Object(CakeRequest), Object(CakeResponse))
#1 {main}
2012-06-21 12:29:03 Error: [MissingControllerException] Controller class Quote.jsController could not be found.
#0 /var/www/app/webroot/index.php(92): Dispatcher->dispatch(Object(CakeRequest), Object(CakeResponse))
#1 {main}
2012-06-21 12:30:25 Error: [MissingControllerException] Controller class Quote.jsController could not be found.
#0 /var/www/app/webroot/index.php(92): Dispatcher->dispatch(Object(CakeRequest), Object(CakeResponse))
#1 {main}
2012-06-21 12:30:26 Error: [MissingControllerException] Controller class Quote.jsController could not be found.
#0 /var/www/app/webroot/index.php(92): Dispatcher->dispatch(Object(CakeRequest), Object(CakeResponse))
#1 {main}
2012-06-21 12:33:21 Error: [MissingControllerException] Controller class JsController could not be found.
#0 /var/www/app/webroot/index.php(92): Dispatcher->dispatch(Object(CakeRequest), Object(CakeResponse))
#1 {main}
2012-06-21 12:33:23 Error: [MissingControllerException] Controller class JsController could not be found.
#0 /var/www/app/webroot/index.php(92): Dispatcher->dispatch(Object(CakeRequest), Object(CakeResponse))
#1 {main}
2012-06-21 12:33:27 Error: [MissingControllerException] Controller class JsController could not be found.
#0 /var/www/app/webroot/index.php(92): Dispatcher->dispatch(Object(CakeRequest), Object(CakeResponse))
#1 {main}
2012-06-21 12:33:27 Error: [MissingControllerException] Controller class JsController could not be found.
#0 /var/www/app/webroot/index.php(92): Dispatcher->dispatch(Object(CakeRequest), Object(CakeResponse))
#1 {main}
2012-06-21 12:28:02 Error: [MissingControllerException] Controller class HomeController could not be found.
#0 /var/www/app/webroot/index.php(92): Dispatcher->dispatch(Object(CakeRequest), Object(CakeResponse))
#1 {main}
2012-06-21 12:28:03 Error: [MissingControllerException] Controller class HomeController could not be found.
#0 /var/www/app/webroot/index.php(92): Dispatcher->dispatch(Object(CakeRequest), Object(CakeResponse))
#1 {main}
2012-06-21 12:30:05 Error: [MissingControllerException] Controller class DownloadsDesktop.phpController could not be found.
#0 /var/www/app/webroot/index.php(92): Dispatcher->dispatch(Object(CakeRequest), Object(CakeResponse))
#1 {main}
2012-06-21 12:31:36 Error: [MissingControllerException] Controller class GutsController could not be found.
#0 /var/www/app/webroot/index.php(92): Dispatcher->dispatch(Object(CakeRequest), Object(CakeResponse))
#1 {main}
2012-06-21 12:31:36 Error: [MissingControllerException] Controller class GutsController could not be found.
#0 /var/www/app/webroot/index.php(92): Dispatcher->dispatch(Object(CakeRequest), Object(CakeResponse))
#1 {main}
2012-06-21 12:31:36 Error: [MissingControllerException] Controller class GutsController could not be found.
#0 /var/www/app/webroot/index.php(92): Dispatcher->dispatch(Object(CakeRequest), Object(CakeResponse))
#1 {main}
2012-06-21 12:45:46 Error: [MissingControllerException] Controller class DownloadsMobile.phpController could not be found.
#0 /var/www/app/webroot/index.php(92): Dispatcher->dispatch(Object(CakeRequest), Object(CakeResponse))
#1 {main}
2012-06-21 12:46:28 Error: [MissingControllerException] Controller class AboutTeam.phpController could not be found.
#0 /var/www/app/webroot/index.php(92): Dispatcher->dispatch(Object(CakeRequest), Object(CakeResponse))
#1 {main}
2012-06-21 12:46:41 Error: [MissingControllerException] Controller class Index.phpController could not be found.
#0 /var/www/app/webroot/index.php(92): Dispatcher->dispatch(Object(CakeRequest), Object(CakeResponse))
#1 {main}
2012-06-21 12:57:39 Error: [MissingControllerException] Controller class Index.phpController could not be found.
#0 /var/www/app/webroot/index.php(92): Dispatcher->dispatch(Object(CakeRequest), Object(CakeResponse))
#1 {main}
2012-06-21 13:00:38 Error: [MissingControllerException] Controller class Index.phpController could not be found.
#0 /var/www/app/webroot/index.php(92): Dispatcher->dispatch(Object(CakeRequest), Object(CakeResponse))
#1 {main}
2012-06-21 13:00:42 Error: [MissingControllerException] Controller class Index.phpController could not be found.
#0 /var/www/app/webroot/index.php(92): Dispatcher->dispatch(Object(CakeRequest), Object(CakeResponse))
#1 {main}
2012-06-21 13:00:59 Error: [MissingControllerException] Controller class Index.phpController could not be found.
#0 /var/www/app/webroot/index.php(92): Dispatcher->dispatch(Object(CakeRequest), Object(CakeResponse))
#1 {main}
2012-06-22 10:01:20 Error: [MissingControllerException] Controller class Index.phpController could not be found.
#0 /var/www/app/webroot/index.php(92): Dispatcher->dispatch(Object(CakeRequest), Object(CakeResponse))
#1 {main}
2012-06-22 10:01:32 Error: [MissingControllerException] Controller class Index.phpController could not be found.
#0 /var/www/app/webroot/index.php(92): Dispatcher->dispatch(Object(CakeRequest), Object(CakeResponse))
#1 {main}
2012-06-22 10:00:01 Error: [MissingControllerException] Controller class Index.phpController could not be found.
#0 /var/www/app/webroot/index.php(92): Dispatcher->dispatch(Object(CakeRequest), Object(CakeResponse))
#1 {main}
2012-06-22 10:00:06 Error: [MissingControllerException] Controller class Index.phpController could not be found.
#0 /var/www/app/webroot/index.php(92): Dispatcher->dispatch(Object(CakeRequest), Object(CakeResponse))
#1 {main}
2012-06-22 10:01:22 Error: [MissingControllerException] Controller class Index.phpController could not be found.
#0 /var/www/app/webroot/index.php(92): Dispatcher->dispatch(Object(CakeRequest), Object(CakeResponse))
#1 {main}
2012-06-22 10:01:37 Error: [MissingControllerException] Controller class Index.phpController could not be found.
#0 /var/www/app/webroot/index.php(92): Dispatcher->dispatch(Object(CakeRequest), Object(CakeResponse))
#1 {main}
2012-06-22 10:01:43 Error: [MissingControllerException] Controller class Index.phpController could not be found.
#0 /var/www/app/webroot/index.php(92): Dispatcher->dispatch(Object(CakeRequest), Object(CakeResponse))
#1 {main}
2012-06-22 10:03:11 Error: [MissingControllerException] Controller class Index.phpController could not be found.
#0 /var/www/app/webroot/index.php(92): Dispatcher->dispatch(Object(CakeRequest), Object(CakeResponse))
#1 {main}
2012-06-22 10:03:19 Error: [MissingControllerException] Controller class DownloadsWorkstation.phpController could not be found.
#0 /var/www/app/webroot/index.php(92): Dispatcher->dispatch(Object(CakeRequest), Object(CakeResponse))
#1 {main}
2012-06-22 10:10:58 Error: [MissingControllerException] Controller class Index.phpController could not be found.
#0 /var/www/app/webroot/index.php(92): Dispatcher->dispatch(Object(CakeRequest), Object(CakeResponse))
#1 {main}
2012-06-22 10:11:48 Error: [MissingControllerException] Controller class Index.phpController could not be found.
#0 /var/www/app/webroot/index.php(92): Dispatcher->dispatch(Object(CakeRequest), Object(CakeResponse))
#1 {main}
2012-06-22 10:11:56 Error: [MissingControllerException] Controller class Index.phpController could not be found.
#0 /var/www/app/webroot/index.php(92): Dispatcher->dispatch(Object(CakeRequest), Object(CakeResponse))
#1 {main}
2012-06-22 10:13:45 Error: [MissingControllerException] Controller class Index.phpController could not be found.
#0 /var/www/app/webroot/index.php(92): Dispatcher->dispatch(Object(CakeRequest), Object(CakeResponse))
#1 {main}
2012-06-22 10:13:59 Error: [MissingControllerException] Controller class Index.phpController could not be found.
#0 /var/www/app/webroot/index.php(92): Dispatcher->dispatch(Object(CakeRequest), Object(CakeResponse))
#1 {main}
2012-06-22 10:15:42 Error: [MissingControllerException] Controller class Index.phpController could not be found.
#0 /var/www/app/webroot/index.php(92): Dispatcher->dispatch(Object(CakeRequest), Object(CakeResponse))
#1 {main}
2012-06-22 11:01:58 Error: [MissingControllerException] Controller class JsController could not be found.
#0 /var/www/app/webroot/index.php(92): Dispatcher->dispatch(Object(CakeRequest), Object(CakeResponse))
#1 {main}
2012-06-22 11:01:58 Error: [MissingControllerException] Controller class JsController could not be found.
#0 /var/www/app/webroot/index.php(92): Dispatcher->dispatch(Object(CakeRequest), Object(CakeResponse))
#1 {main}
2012-06-22 11:02:06 Error: [MissingControllerException] Controller class JsController could not be found.
#0 /var/www/app/webroot/index.php(92): Dispatcher->dispatch(Object(CakeRequest), Object(CakeResponse))
#1 {main}
2012-06-22 11:02:06 Error: [MissingControllerException] Controller class JsController could not be found.
#0 /var/www/app/webroot/index.php(92): Dispatcher->dispatch(Object(CakeRequest), Object(CakeResponse))
#1 {main}
2012-06-22 11:07:10 Error: [MissingControllerException] Controller class JsController could not be found.
#0 /var/www/app/webroot/index.php(92): Dispatcher->dispatch(Object(CakeRequest), Object(CakeResponse))
#1 {main}
2012-06-22 11:07:10 Error: [MissingControllerException] Controller class JsController could not be found.
#0 /var/www/app/webroot/index.php(92): Dispatcher->dispatch(Object(CakeRequest), Object(CakeResponse))
#1 {main}
2012-06-22 11:07:11 Error: [MissingControllerException] Controller class JsController could not be found.
#0 /var/www/app/webroot/index.php(92): Dispatcher->dispatch(Object(CakeRequest), Object(CakeResponse))
#1 {main}
2012-06-22 11:07:11 Error: [MissingControllerException] Controller class JsController could not be found.
#0 /var/www/app/webroot/index.php(92): Dispatcher->dispatch(Object(CakeRequest), Object(CakeResponse))
#1 {main}
2012-06-22 11:07:37 Error: [MissingControllerException] Controller class JsController could not be found.
#0 /var/www/app/webroot/index.php(92): Dispatcher->dispatch(Object(CakeRequest), Object(CakeResponse))
#1 {main}
2012-06-22 11:07:37 Error: [MissingControllerException] Controller class JsController could not be found.
#0 /var/www/app/webroot/index.php(92): Dispatcher->dispatch(Object(CakeRequest), Object(CakeResponse))
#1 {main}
2012-06-22 11:07:38 Error: [MissingControllerException] Controller class JsController could not be found.
#0 /var/www/app/webroot/index.php(92): Dispatcher->dispatch(Object(CakeRequest), Object(CakeResponse))
#1 {main}
2012-06-22 11:07:38 Error: [MissingControllerException] Controller class JsController could not be found.
#0 /var/www/app/webroot/index.php(92): Dispatcher->dispatch(Object(CakeRequest), Object(CakeResponse))
#1 {main}
2012-06-22 11:07:50 Error: [MissingControllerException] Controller class JsController could not be found.
#0 /var/www/app/webroot/index.php(92): Dispatcher->dispatch(Object(CakeRequest), Object(CakeResponse))
#1 {main}
2012-06-22 11:07:50 Error: [MissingControllerException] Controller class JsController could not be found.
#0 /var/www/app/webroot/index.php(92): Dispatcher->dispatch(Object(CakeRequest), Object(CakeResponse))
#1 {main}
2012-06-22 11:07:51 Error: [MissingControllerException] Controller class JsController could not be found.
#0 /var/www/app/webroot/index.php(92): Dispatcher->dispatch(Object(CakeRequest), Object(CakeResponse))
#1 {main}
2012-06-22 11:07:51 Error: [MissingControllerException] Controller class JsController could not be found.
#0 /var/www/app/webroot/index.php(92): Dispatcher->dispatch(Object(CakeRequest), Object(CakeResponse))
#1 {main}
2012-06-22 11:14:35 Error: [MissingControllerException] Controller class JsController could not be found.
#0 /var/www/app/webroot/index.php(92): Dispatcher->dispatch(Object(CakeRequest), Object(CakeResponse))
#1 {main}
2012-06-22 11:14:35 Error: [MissingControllerException] Controller class JsController could not be found.
#0 /var/www/app/webroot/index.php(92): Dispatcher->dispatch(Object(CakeRequest), Object(CakeResponse))
#1 {main}
2012-06-22 11:14:35 Error: [MissingControllerException] Controller class JsController could not be found.
#0 /var/www/app/webroot/index.php(92): Dispatcher->dispatch(Object(CakeRequest), Object(CakeResponse))
#1 {main}
2012-06-22 11:14:35 Error: [MissingControllerException] Controller class JsController could not be found.
#0 /var/www/app/webroot/index.php(92): Dispatcher->dispatch(Object(CakeRequest), Object(CakeResponse))
#1 {main}
2012-06-22 11:57:35 Error: [MissingControllerException] Controller class JsController could not be found.
#0 /var/www/app/webroot/index.php(92): Dispatcher->dispatch(Object(CakeRequest), Object(CakeResponse))
#1 {main}
2012-06-22 11:57:35 Error: [MissingControllerException] Controller class JsController could not be found.
#0 /var/www/app/webroot/index.php(92): Dispatcher->dispatch(Object(CakeRequest), Object(CakeResponse))
#1 {main}
2012-06-22 11:57:35 Error: [MissingControllerException] Controller class JsController could not be found.
#0 /var/www/app/webroot/index.php(92): Dispatcher->dispatch(Object(CakeRequest), Object(CakeResponse))
#1 {main}
2012-06-22 11:57:36 Error: [MissingControllerException] Controller class JsController could not be found.
#0 /var/www/app/webroot/index.php(92): Dispatcher->dispatch(Object(CakeRequest), Object(CakeResponse))
#1 {main}
2012-06-22 11:58:15 Error: [MissingControllerException] Controller class JsController could not be found.
#0 /var/www/app/webroot/index.php(92): Dispatcher->dispatch(Object(CakeRequest), Object(CakeResponse))
#1 {main}
2012-06-22 11:58:15 Error: [MissingControllerException] Controller class JsController could not be found.
#0 /var/www/app/webroot/index.php(92): Dispatcher->dispatch(Object(CakeRequest), Object(CakeResponse))
#1 {main}
2012-06-22 11:58:16 Error: [MissingControllerException] Controller class JsController could not be found.
#0 /var/www/app/webroot/index.php(92): Dispatcher->dispatch(Object(CakeRequest), Object(CakeResponse))
#1 {main}
2012-06-22 11:58:16 Error: [MissingControllerException] Controller class JsController could not be found.
#0 /var/www/app/webroot/index.php(92): Dispatcher->dispatch(Object(CakeRequest), Object(CakeResponse))
#1 {main}
2012-06-22 11:58:20 Error: [MissingControllerException] Controller class JsController could not be found.
#0 /var/www/app/webroot/index.php(92): Dispatcher->dispatch(Object(CakeRequest), Object(CakeResponse))
#1 {main}
2012-06-22 11:58:20 Error: [MissingControllerException] Controller class JsController could not be found.
#0 /var/www/app/webroot/index.php(92): Dispatcher->dispatch(Object(CakeRequest), Object(CakeResponse))
#1 {main}
2012-06-22 11:58:20 Error: [MissingControllerException] Controller class JsController could not be found.
#0 /var/www/app/webroot/index.php(92): Dispatcher->dispatch(Object(CakeRequest), Object(CakeResponse))
#1 {main}
2012-06-22 11:58:20 Error: [MissingControllerException] Controller class JsController could not be found.
#0 /var/www/app/webroot/index.php(92): Dispatcher->dispatch(Object(CakeRequest), Object(CakeResponse))
#1 {main}
2012-06-22 11:55:17 Error: [MissingControllerException] Controller class JsController could not be found.
#0 /var/www/app/webroot/index.php(92): Dispatcher->dispatch(Object(CakeRequest), Object(CakeResponse))
#1 {main}
2012-06-22 11:55:17 Error: [MissingControllerException] Controller class JsController could not be found.
#0 /var/www/app/webroot/index.php(92): Dispatcher->dispatch(Object(CakeRequest), Object(CakeResponse))
#1 {main}
2012-06-22 11:55:18 Error: [MissingControllerException] Controller class JsController could not be found.
#0 /var/www/app/webroot/index.php(92): Dispatcher->dispatch(Object(CakeRequest), Object(CakeResponse))
#1 {main}
2012-06-22 11:55:18 Error: [MissingControllerException] Controller class JsController could not be found.
#0 /var/www/app/webroot/index.php(92): Dispatcher->dispatch(Object(CakeRequest), Object(CakeResponse))
#1 {main}
2012-06-22 11:55:38 Error: [MissingControllerException] Controller class JsController could not be found.
#0 /var/www/app/webroot/index.php(92): Dispatcher->dispatch(Object(CakeRequest), Object(CakeResponse))
#1 {main}
2012-06-22 11:55:38 Error: [MissingControllerException] Controller class JsController could not be found.
#0 /var/www/app/webroot/index.php(92): Dispatcher->dispatch(Object(CakeRequest), Object(CakeResponse))
#1 {main}
2012-06-22 11:55:39 Error: [MissingControllerException] Controller class JsController could not be found.
#0 /var/www/app/webroot/index.php(92): Dispatcher->dispatch(Object(CakeRequest), Object(CakeResponse))
#1 {main}
2012-06-22 11:55:39 Error: [MissingControllerException] Controller class JsController could not be found.
#0 /var/www/app/webroot/index.php(92): Dispatcher->dispatch(Object(CakeRequest), Object(CakeResponse))
#1 {main}
2012-06-22 11:55:47 Error: [MissingControllerException] Controller class JsController could not be found.
#0 /var/www/app/webroot/index.php(92): Dispatcher->dispatch(Object(CakeRequest), Object(CakeResponse))
#1 {main}
2012-06-22 11:55:47 Error: [MissingControllerException] Controller class JsController could not be found.
#0 /var/www/app/webroot/index.php(92): Dispatcher->dispatch(Object(CakeRequest), Object(CakeResponse))
#1 {main}
2012-06-22 11:55:47 Error: [MissingControllerException] Controller class JsController could not be found.
#0 /var/www/app/webroot/index.php(92): Dispatcher->dispatch(Object(CakeRequest), Object(CakeResponse))
#1 {main}
2012-06-22 11:55:48 Error: [MissingControllerException] Controller class JsController could not be found.
#0 /var/www/app/webroot/index.php(92): Dispatcher->dispatch(Object(CakeRequest), Object(CakeResponse))
#1 {main}
2012-06-22 11:56:52 Error: [MissingControllerException] Controller class JsController could not be found.
#0 /var/www/app/webroot/index.php(92): Dispatcher->dispatch(Object(CakeRequest), Object(CakeResponse))
#1 {main}
2012-06-22 11:56:52 Error: [MissingControllerException] Controller class JsController could not be found.
#0 /var/www/app/webroot/index.php(92): Dispatcher->dispatch(Object(CakeRequest), Object(CakeResponse))
#1 {main}
2012-06-22 11:56:52 Error: [MissingControllerException] Controller class JsController could not be found.
#0 /var/www/app/webroot/index.php(92): Dispatcher->dispatch(Object(CakeRequest), Object(CakeResponse))
#1 {main}
2012-06-22 11:56:52 Error: [MissingControllerException] Controller class JsController could not be found.
#0 /var/www/app/webroot/index.php(92): Dispatcher->dispatch(Object(CakeRequest), Object(CakeResponse))
#1 {main}
2012-06-22 11:57:57 Error: [MissingControllerException] Controller class JsController could not be found.
#0 /var/www/app/webroot/index.php(92): Dispatcher->dispatch(Object(CakeRequest), Object(CakeResponse))
#1 {main}
2012-06-22 11:57:57 Error: [MissingControllerException] Controller class JsController could not be found.
#0 /var/www/app/webroot/index.php(92): Dispatcher->dispatch(Object(CakeRequest), Object(CakeResponse))
#1 {main}
2012-06-22 11:58:08 Error: [MissingControllerException] Controller class JsController could not be found.
#0 /var/www/app/webroot/index.php(92): Dispatcher->dispatch(Object(CakeRequest), Object(CakeResponse))
#1 {main}
2012-06-22 11:58:08 Error: [MissingControllerException] Controller class JsController could not be found.
#0 /var/www/app/webroot/index.php(92): Dispatcher->dispatch(Object(CakeRequest), Object(CakeResponse))
#1 {main}
2012-06-22 11:58:33 Error: [MissingControllerException] Controller class JsController could not be found.
#0 /var/www/app/webroot/index.php(92): Dispatcher->dispatch(Object(CakeRequest), Object(CakeResponse))
#1 {main}
2012-06-22 11:58:33 Error: [MissingControllerException] Controller class JsController could not be found.
#0 /var/www/app/webroot/index.php(92): Dispatcher->dispatch(Object(CakeRequest), Object(CakeResponse))
#1 {main}
2012-06-22 11:58:33 Error: [MissingControllerException] Controller class JsController could not be found.
#0 /var/www/app/webroot/index.php(92): Dispatcher->dispatch(Object(CakeRequest), Object(CakeResponse))
#1 {main}
2012-06-22 11:58:33 Error: [MissingControllerException] Controller class JsController could not be found.
#0 /var/www/app/webroot/index.php(92): Dispatcher->dispatch(Object(CakeRequest), Object(CakeResponse))
#1 {main}
2012-06-22 12:04:57 Error: [MissingControllerException] Controller class JsController could not be found.
#0 /var/www/app/webroot/index.php(92): Dispatcher->dispatch(Object(CakeRequest), Object(CakeResponse))
#1 {main}
2012-06-22 12:04:57 Error: [MissingControllerException] Controller class JsController could not be found.
#0 /var/www/app/webroot/index.php(92): Dispatcher->dispatch(Object(CakeRequest), Object(CakeResponse))
#1 {main}
2012-06-22 12:04:58 Error: [MissingControllerException] Controller class JsController could not be found.
#0 /var/www/app/webroot/index.php(92): Dispatcher->dispatch(Object(CakeRequest), Object(CakeResponse))
#1 {main}
2012-06-22 12:04:58 Error: [MissingControllerException] Controller class JsController could not be found.
#0 /var/www/app/webroot/index.php(92): Dispatcher->dispatch(Object(CakeRequest), Object(CakeResponse))
#1 {main}
2012-06-22 12:09:20 Error: [MissingControllerException] Controller class JsController could not be found.
#0 /var/www/app/webroot/index.php(92): Dispatcher->dispatch(Object(CakeRequest), Object(CakeResponse))
#1 {main}
2012-06-22 12:09:20 Error: [MissingControllerException] Controller class JsController could not be found.
#0 /var/www/app/webroot/index.php(92): Dispatcher->dispatch(Object(CakeRequest), Object(CakeResponse))
#1 {main}
2012-06-22 12:09:21 Error: [MissingControllerException] Controller class JsController could not be found.
#0 /var/www/app/webroot/index.php(92): Dispatcher->dispatch(Object(CakeRequest), Object(CakeResponse))
#1 {main}
2012-06-22 12:09:21 Error: [MissingControllerException] Controller class JsController could not be found.
#0 /var/www/app/webroot/index.php(92): Dispatcher->dispatch(Object(CakeRequest), Object(CakeResponse))
#1 {main}
2012-06-22 12:10:52 Error: [MissingControllerException] Controller class JsController could not be found.
#0 /var/www/app/webroot/index.php(92): Dispatcher->dispatch(Object(CakeRequest), Object(CakeResponse))
#1 {main}
2012-06-22 12:10:52 Error: [MissingControllerException] Controller class JsController could not be found.
#0 /var/www/app/webroot/index.php(92): Dispatcher->dispatch(Object(CakeRequest), Object(CakeResponse))
#1 {main}
2012-06-22 12:10:53 Error: [MissingControllerException] Controller class JsController could not be found.
#0 /var/www/app/webroot/index.php(92): Dispatcher->dispatch(Object(CakeRequest), Object(CakeResponse))
#1 {main}
2012-06-22 12:10:53 Error: [MissingControllerException] Controller class JsController could not be found.
#0 /var/www/app/webroot/index.php(92): Dispatcher->dispatch(Object(CakeRequest), Object(CakeResponse))
#1 {main}
2012-06-22 12:11:09 Error: [MissingControllerException] Controller class JsController could not be found.
#0 /var/www/app/webroot/index.php(92): Dispatcher->dispatch(Object(CakeRequest), Object(CakeResponse))
#1 {main}
2012-06-22 12:11:09 Error: [MissingControllerException] Controller class JsController could not be found.
#0 /var/www/app/webroot/index.php(92): Dispatcher->dispatch(Object(CakeRequest), Object(CakeResponse))
#1 {main}
2012-06-22 12:11:10 Error: [MissingControllerException] Controller class JsController could not be found.
#0 /var/www/app/webroot/index.php(92): Dispatcher->dispatch(Object(CakeRequest), Object(CakeResponse))
#1 {main}
2012-06-22 12:11:10 Error: [MissingControllerException] Controller class JsController could not be found.
#0 /var/www/app/webroot/index.php(92): Dispatcher->dispatch(Object(CakeRequest), Object(CakeResponse))
#1 {main}
2012-06-22 12:11:22 Error: [MissingControllerException] Controller class JsController could not be found.
#0 /var/www/app/webroot/index.php(92): Dispatcher->dispatch(Object(CakeRequest), Object(CakeResponse))
#1 {main}
2012-06-22 12:11:22 Error: [MissingControllerException] Controller class JsController could not be found.
#0 /var/www/app/webroot/index.php(92): Dispatcher->dispatch(Object(CakeRequest), Object(CakeResponse))
#1 {main}
2012-06-22 12:11:23 Error: [MissingControllerException] Controller class JsController could not be found.
#0 /var/www/app/webroot/index.php(92): Dispatcher->dispatch(Object(CakeRequest), Object(CakeResponse))
#1 {main}
2012-06-22 12:11:23 Error: [MissingControllerException] Controller class JsController could not be found.
#0 /var/www/app/webroot/index.php(92): Dispatcher->dispatch(Object(CakeRequest), Object(CakeResponse))
#1 {main}
2012-06-22 12:11:46 Error: [MissingControllerException] Controller class JsController could not be found.
#0 /var/www/app/webroot/index.php(92): Dispatcher->dispatch(Object(CakeRequest), Object(CakeResponse))
#1 {main}
2012-06-22 12:11:46 Error: [MissingControllerException] Controller class JsController could not be found.
#0 /var/www/app/webroot/index.php(92): Dispatcher->dispatch(Object(CakeRequest), Object(CakeResponse))
#1 {main}
2012-06-22 12:11:47 Error: [MissingControllerException] Controller class JsController could not be found.
#0 /var/www/app/webroot/index.php(92): Dispatcher->dispatch(Object(CakeRequest), Object(CakeResponse))
#1 {main}
2012-06-22 12:11:47 Error: [MissingControllerException] Controller class JsController could not be found.
#0 /var/www/app/webroot/index.php(92): Dispatcher->dispatch(Object(CakeRequest), Object(CakeResponse))
#1 {main}
2012-06-22 12:12:03 Error: [MissingControllerException] Controller class JsController could not be found.
#0 /var/www/app/webroot/index.php(92): Dispatcher->dispatch(Object(CakeRequest), Object(CakeResponse))
#1 {main}
2012-06-22 12:12:03 Error: [MissingControllerException] Controller class JsController could not be found.
#0 /var/www/app/webroot/index.php(92): Dispatcher->dispatch(Object(CakeRequest), Object(CakeResponse))
#1 {main}
2012-06-22 12:12:03 Error: [MissingControllerException] Controller class JsController could not be found.
#0 /var/www/app/webroot/index.php(92): Dispatcher->dispatch(Object(CakeRequest), Object(CakeResponse))
#1 {main}
2012-06-22 12:12:03 Error: [MissingControllerException] Controller class JsController could not be found.
#0 /var/www/app/webroot/index.php(92): Dispatcher->dispatch(Object(CakeRequest), Object(CakeResponse))
#1 {main}
2012-06-22 12:12:12 Error: [MissingControllerException] Controller class JsController could not be found.
#0 /var/www/app/webroot/index.php(92): Dispatcher->dispatch(Object(CakeRequest), Object(CakeResponse))
#1 {main}
2012-06-22 12:12:12 Error: [MissingControllerException] Controller class JsController could not be found.
#0 /var/www/app/webroot/index.php(92): Dispatcher->dispatch(Object(CakeRequest), Object(CakeResponse))
#1 {main}
2012-06-22 12:12:13 Error: [MissingControllerException] Controller class JsController could not be found.
#0 /var/www/app/webroot/index.php(92): Dispatcher->dispatch(Object(CakeRequest), Object(CakeResponse))
#1 {main}
2012-06-22 12:12:13 Error: [MissingControllerException] Controller class JsController could not be found.
#0 /var/www/app/webroot/index.php(92): Dispatcher->dispatch(Object(CakeRequest), Object(CakeResponse))
#1 {main}
2012-06-22 12:12:34 Error: [MissingControllerException] Controller class JsController could not be found.
#0 /var/www/app/webroot/index.php(92): Dispatcher->dispatch(Object(CakeRequest), Object(CakeResponse))
#1 {main}
2012-06-22 12:12:34 Error: [MissingControllerException] Controller class JsController could not be found.
#0 /var/www/app/webroot/index.php(92): Dispatcher->dispatch(Object(CakeRequest), Object(CakeResponse))
#1 {main}
2012-06-22 12:12:34 Error: [MissingControllerException] Controller class JsController could not be found.
#0 /var/www/app/webroot/index.php(92): Dispatcher->dispatch(Object(CakeRequest), Object(CakeResponse))
#1 {main}
2012-06-22 12:12:34 Error: [MissingControllerException] Controller class JsController could not be found.
#0 /var/www/app/webroot/index.php(92): Dispatcher->dispatch(Object(CakeRequest), Object(CakeResponse))
#1 {main}
2012-06-22 12:12:44 Error: [MissingControllerException] Controller class JsController could not be found.
#0 /var/www/app/webroot/index.php(92): Dispatcher->dispatch(Object(CakeRequest), Object(CakeResponse))
#1 {main}
2012-06-22 12:12:44 Error: [MissingControllerException] Controller class JsController could not be found.
#0 /var/www/app/webroot/index.php(92): Dispatcher->dispatch(Object(CakeRequest), Object(CakeResponse))
#1 {main}
2012-06-22 12:12:44 Error: [MissingControllerException] Controller class JsController could not be found.
#0 /var/www/app/webroot/index.php(92): Dispatcher->dispatch(Object(CakeRequest), Object(CakeResponse))
#1 {main}
2012-06-22 12:12:45 Error: [MissingControllerException] Controller class JsController could not be found.
#0 /var/www/app/webroot/index.php(92): Dispatcher->dispatch(Object(CakeRequest), Object(CakeResponse))
#1 {main}
2012-06-22 12:13:47 Error: [MissingControllerException] Controller class JsController could not be found.
#0 /var/www/app/webroot/index.php(92): Dispatcher->dispatch(Object(CakeRequest), Object(CakeResponse))
#1 {main}
2012-06-22 12:13:47 Error: [MissingControllerException] Controller class JsController could not be found.
#0 /var/www/app/webroot/index.php(92): Dispatcher->dispatch(Object(CakeRequest), Object(CakeResponse))
#1 {main}
2012-06-22 12:13:48 Error: [MissingControllerException] Controller class JsController could not be found.
#0 /var/www/app/webroot/index.php(92): Dispatcher->dispatch(Object(CakeRequest), Object(CakeResponse))
#1 {main}
2012-06-22 12:13:48 Error: [MissingControllerException] Controller class JsController could not be found.
#0 /var/www/app/webroot/index.php(92): Dispatcher->dispatch(Object(CakeRequest), Object(CakeResponse))
#1 {main}
2012-06-22 12:14:24 Error: [MissingControllerException] Controller class JsController could not be found.
#0 /var/www/app/webroot/index.php(92): Dispatcher->dispatch(Object(CakeRequest), Object(CakeResponse))
#1 {main}
2012-06-22 12:14:24 Error: [MissingControllerException] Controller class JsController could not be found.
#0 /var/www/app/webroot/index.php(92): Dispatcher->dispatch(Object(CakeRequest), Object(CakeResponse))
#1 {main}
2012-06-22 12:14:25 Error: [MissingControllerException] Controller class JsController could not be found.
#0 /var/www/app/webroot/index.php(92): Dispatcher->dispatch(Object(CakeRequest), Object(CakeResponse))
#1 {main}
2012-06-22 12:14:25 Error: [MissingControllerException] Controller class JsController could not be found.
#0 /var/www/app/webroot/index.php(92): Dispatcher->dispatch(Object(CakeRequest), Object(CakeResponse))
#1 {main}
2012-06-22 12:14:39 Error: [MissingControllerException] Controller class JsController could not be found.
#0 /var/www/app/webroot/index.php(92): Dispatcher->dispatch(Object(CakeRequest), Object(CakeResponse))
#1 {main}
2012-06-22 12:14:39 Error: [MissingControllerException] Controller class JsController could not be found.
#0 /var/www/app/webroot/index.php(92): Dispatcher->dispatch(Object(CakeRequest), Object(CakeResponse))
#1 {main}
2012-06-22 12:14:39 Error: [MissingControllerException] Controller class JsController could not be found.
#0 /var/www/app/webroot/index.php(92): Dispatcher->dispatch(Object(CakeRequest), Object(CakeResponse))
#1 {main}
2012-06-22 12:14:39 Error: [MissingControllerException] Controller class JsController could not be found.
#0 /var/www/app/webroot/index.php(92): Dispatcher->dispatch(Object(CakeRequest), Object(CakeResponse))
#1 {main}
2012-06-22 12:14:48 Error: [MissingControllerException] Controller class JsController could not be found.
#0 /var/www/app/webroot/index.php(92): Dispatcher->dispatch(Object(CakeRequest), Object(CakeResponse))
#1 {main}
2012-06-22 12:14:48 Error: [MissingControllerException] Controller class JsController could not be found.
#0 /var/www/app/webroot/index.php(92): Dispatcher->dispatch(Object(CakeRequest), Object(CakeResponse))
#1 {main}
2012-06-22 12:14:48 Error: [MissingControllerException] Controller class JsController could not be found.
#0 /var/www/app/webroot/index.php(92): Dispatcher->dispatch(Object(CakeRequest), Object(CakeResponse))
#1 {main}
2012-06-22 12:14:48 Error: [MissingControllerException] Controller class JsController could not be found.
#0 /var/www/app/webroot/index.php(92): Dispatcher->dispatch(Object(CakeRequest), Object(CakeResponse))
#1 {main}
2012-06-22 12:17:10 Error: [MissingControllerException] Controller class JsController could not be found.
#0 /var/www/app/webroot/index.php(92): Dispatcher->dispatch(Object(CakeRequest), Object(CakeResponse))
#1 {main}
2012-06-22 12:17:10 Error: [MissingControllerException] Controller class JsController could not be found.
#0 /var/www/app/webroot/index.php(92): Dispatcher->dispatch(Object(CakeRequest), Object(CakeResponse))
#1 {main}
2012-06-22 12:17:10 Error: [MissingControllerException] Controller class JsController could not be found.
#0 /var/www/app/webroot/index.php(92): Dispatcher->dispatch(Object(CakeRequest), Object(CakeResponse))
#1 {main}
2012-06-22 12:17:10 Error: [MissingControllerException] Controller class JsController could not be found.
#0 /var/www/app/webroot/index.php(92): Dispatcher->dispatch(Object(CakeRequest), Object(CakeResponse))
#1 {main}
2012-06-22 12:17:27 Error: [MissingControllerException] Controller class JsController could not be found.
#0 /var/www/app/webroot/index.php(92): Dispatcher->dispatch(Object(CakeRequest), Object(CakeResponse))
#1 {main}
2012-06-22 12:17:27 Error: [MissingControllerException] Controller class JsController could not be found.
#0 /var/www/app/webroot/index.php(92): Dispatcher->dispatch(Object(CakeRequest), Object(CakeResponse))
#1 {main}
2012-06-22 12:17:27 Error: [MissingControllerException] Controller class JsController could not be found.
#0 /var/www/app/webroot/index.php(92): Dispatcher->dispatch(Object(CakeRequest), Object(CakeResponse))
#1 {main}
2012-06-22 12:17:28 Error: [MissingControllerException] Controller class JsController could not be found.
#0 /var/www/app/webroot/index.php(92): Dispatcher->dispatch(Object(CakeRequest), Object(CakeResponse))
#1 {main}
2012-06-22 12:17:41 Error: [MissingControllerException] Controller class JsController could not be found.
#0 /var/www/app/webroot/index.php(92): Dispatcher->dispatch(Object(CakeRequest), Object(CakeResponse))
#1 {main}
2012-06-22 12:17:41 Error: [MissingControllerException] Controller class JsController could not be found.
#0 /var/www/app/webroot/index.php(92): Dispatcher->dispatch(Object(CakeRequest), Object(CakeResponse))
#1 {main}
2012-06-22 12:17:41 Error: [MissingControllerException] Controller class JsController could not be found.
#0 /var/www/app/webroot/index.php(92): Dispatcher->dispatch(Object(CakeRequest), Object(CakeResponse))
#1 {main}
2012-06-22 12:17:41 Error: [MissingControllerException] Controller class JsController could not be found.
#0 /var/www/app/webroot/index.php(92): Dispatcher->dispatch(Object(CakeRequest), Object(CakeResponse))
#1 {main}
2012-06-22 12:25:39 Error: [MissingControllerException] Controller class JsController could not be found.
#0 /var/www/app/webroot/index.php(92): Dispatcher->dispatch(Object(CakeRequest), Object(CakeResponse))
#1 {main}
2012-06-22 12:25:39 Error: [MissingControllerException] Controller class JsController could not be found.
#0 /var/www/app/webroot/index.php(92): Dispatcher->dispatch(Object(CakeRequest), Object(CakeResponse))
#1 {main}
2012-06-22 12:25:40 Error: [MissingControllerException] Controller class JsController could not be found.
#0 /var/www/app/webroot/index.php(92): Dispatcher->dispatch(Object(CakeRequest), Object(CakeResponse))
#1 {main}
2012-06-22 12:25:40 Error: [MissingControllerException] Controller class JsController could not be found.
#0 /var/www/app/webroot/index.php(92): Dispatcher->dispatch(Object(CakeRequest), Object(CakeResponse))
#1 {main}
2012-06-22 12:28:05 Error: [MissingControllerException] Controller class JsController could not be found.
#0 /var/www/app/webroot/index.php(92): Dispatcher->dispatch(Object(CakeRequest), Object(CakeResponse))
#1 {main}
2012-06-22 12:28:05 Error: [MissingControllerException] Controller class JsController could not be found.
#0 /var/www/app/webroot/index.php(92): Dispatcher->dispatch(Object(CakeRequest), Object(CakeResponse))
#1 {main}
2012-06-22 12:28:05 Error: [MissingControllerException] Controller class JsController could not be found.
#0 /var/www/app/webroot/index.php(92): Dispatcher->dispatch(Object(CakeRequest), Object(CakeResponse))
#1 {main}
2012-06-22 12:28:06 Error: [MissingControllerException] Controller class JsController could not be found.
#0 /var/www/app/webroot/index.php(92): Dispatcher->dispatch(Object(CakeRequest), Object(CakeResponse))
#1 {main}
2012-06-22 12:28:21 Error: [MissingControllerException] Controller class JsController could not be found.
#0 /var/www/app/webroot/index.php(92): Dispatcher->dispatch(Object(CakeRequest), Object(CakeResponse))
#1 {main}
2012-06-22 12:28:21 Error: [MissingControllerException] Controller class JsController could not be found.
#0 /var/www/app/webroot/index.php(92): Dispatcher->dispatch(Object(CakeRequest), Object(CakeResponse))
#1 {main}
2012-06-22 12:28:22 Error: [MissingControllerException] Controller class JsController could not be found.
#0 /var/www/app/webroot/index.php(92): Dispatcher->dispatch(Object(CakeRequest), Object(CakeResponse))
#1 {main}
2012-06-22 12:28:22 Error: [MissingControllerException] Controller class JsController could not be found.
#0 /var/www/app/webroot/index.php(92): Dispatcher->dispatch(Object(CakeRequest), Object(CakeResponse))
#1 {main}
2012-06-22 12:28:59 Error: [MissingControllerException] Controller class JsController could not be found.
#0 /var/www/app/webroot/index.php(92): Dispatcher->dispatch(Object(CakeRequest), Object(CakeResponse))
#1 {main}
2012-06-22 12:28:59 Error: [MissingControllerException] Controller class JsController could not be found.
#0 /var/www/app/webroot/index.php(92): Dispatcher->dispatch(Object(CakeRequest), Object(CakeResponse))
#1 {main}
2012-06-22 12:29:00 Error: [MissingControllerException] Controller class JsController could not be found.
#0 /var/www/app/webroot/index.php(92): Dispatcher->dispatch(Object(CakeRequest), Object(CakeResponse))
#1 {main}
2012-06-22 12:29:00 Error: [MissingControllerException] Controller class JsController could not be found.
#0 /var/www/app/webroot/index.php(92): Dispatcher->dispatch(Object(CakeRequest), Object(CakeResponse))
#1 {main}
2012-06-22 12:29:08 Error: [MissingControllerException] Controller class JsController could not be found.
#0 /var/www/app/webroot/index.php(92): Dispatcher->dispatch(Object(CakeRequest), Object(CakeResponse))
#1 {main}
2012-06-22 12:29:08 Error: [MissingControllerException] Controller class JsController could not be found.
#0 /var/www/app/webroot/index.php(92): Dispatcher->dispatch(Object(CakeRequest), Object(CakeResponse))
#1 {main}
2012-06-22 12:29:08 Error: [MissingControllerException] Controller class JsController could not be found.
#0 /var/www/app/webroot/index.php(92): Dispatcher->dispatch(Object(CakeRequest), Object(CakeResponse))
#1 {main}
2012-06-22 12:29:08 Error: [MissingControllerException] Controller class JsController could not be found.
#0 /var/www/app/webroot/index.php(92): Dispatcher->dispatch(Object(CakeRequest), Object(CakeResponse))
#1 {main}
2012-06-22 12:29:22 Error: [MissingControllerException] Controller class JsController could not be found.
#0 /var/www/app/webroot/index.php(92): Dispatcher->dispatch(Object(CakeRequest), Object(CakeResponse))
#1 {main}
2012-06-22 12:29:22 Error: [MissingControllerException] Controller class JsController could not be found.
#0 /var/www/app/webroot/index.php(92): Dispatcher->dispatch(Object(CakeRequest), Object(CakeResponse))
#1 {main}
2012-06-22 12:29:23 Error: [MissingControllerException] Controller class JsController could not be found.
#0 /var/www/app/webroot/index.php(92): Dispatcher->dispatch(Object(CakeRequest), Object(CakeResponse))
#1 {main}
2012-06-22 12:29:23 Error: [MissingControllerException] Controller class JsController could not be found.
#0 /var/www/app/webroot/index.php(92): Dispatcher->dispatch(Object(CakeRequest), Object(CakeResponse))
#1 {main}
2012-06-22 12:30:09 Error: [MissingControllerException] Controller class JsController could not be found.
#0 /var/www/app/webroot/index.php(92): Dispatcher->dispatch(Object(CakeRequest), Object(CakeResponse))
#1 {main}
2012-06-22 12:30:09 Error: [MissingControllerException] Controller class JsController could not be found.
#0 /var/www/app/webroot/index.php(92): Dispatcher->dispatch(Object(CakeRequest), Object(CakeResponse))
#1 {main}
2012-06-22 12:30:10 Error: [MissingControllerException] Controller class JsController could not be found.
#0 /var/www/app/webroot/index.php(92): Dispatcher->dispatch(Object(CakeRequest), Object(CakeResponse))
#1 {main}
2012-06-22 12:30:10 Error: [MissingControllerException] Controller class JsController could not be found.
#0 /var/www/app/webroot/index.php(92): Dispatcher->dispatch(Object(CakeRequest), Object(CakeResponse))
#1 {main}
2012-06-22 12:31:05 Error: [MissingControllerException] Controller class JsController could not be found.
#0 /var/www/app/webroot/index.php(92): Dispatcher->dispatch(Object(CakeRequest), Object(CakeResponse))
#1 {main}
2012-06-22 12:31:05 Error: [MissingControllerException] Controller class JsController could not be found.
#0 /var/www/app/webroot/index.php(92): Dispatcher->dispatch(Object(CakeRequest), Object(CakeResponse))
#1 {main}
2012-06-22 12:31:05 Error: [MissingControllerException] Controller class JsController could not be found.
#0 /var/www/app/webroot/index.php(92): Dispatcher->dispatch(Object(CakeRequest), Object(CakeResponse))
#1 {main}
2012-06-22 12:31:05 Error: [MissingControllerException] Controller class JsController could not be found.
#0 /var/www/app/webroot/index.php(92): Dispatcher->dispatch(Object(CakeRequest), Object(CakeResponse))
#1 {main}
2012-06-22 12:31:22 Error: [MissingControllerException] Controller class JsController could not be found.
#0 /var/www/app/webroot/index.php(92): Dispatcher->dispatch(Object(CakeRequest), Object(CakeResponse))
#1 {main}
2012-06-22 12:31:22 Error: [MissingControllerException] Controller class JsController could not be found.
#0 /var/www/app/webroot/index.php(92): Dispatcher->dispatch(Object(CakeRequest), Object(CakeResponse))
#1 {main}
2012-06-22 12:31:31 Error: [MissingControllerException] Controller class JsController could not be found.
#0 /var/www/app/webroot/index.php(92): Dispatcher->dispatch(Object(CakeRequest), Object(CakeResponse))
#1 {main}
2012-06-22 12:31:31 Error: [MissingControllerException] Controller class JsController could not be found.
#0 /var/www/app/webroot/index.php(92): Dispatcher->dispatch(Object(CakeRequest), Object(CakeResponse))
#1 {main}
2012-06-22 12:31:51 Error: [MissingControllerException] Controller class JsController could not be found.
#0 /var/www/app/webroot/index.php(92): Dispatcher->dispatch(Object(CakeRequest), Object(CakeResponse))
#1 {main}
2012-06-22 12:31:51 Error: [MissingControllerException] Controller class JsController could not be found.
#0 /var/www/app/webroot/index.php(92): Dispatcher->dispatch(Object(CakeRequest), Object(CakeResponse))
#1 {main}
2012-06-22 12:31:52 Error: [MissingControllerException] Controller class JsController could not be found.
#0 /var/www/app/webroot/index.php(92): Dispatcher->dispatch(Object(CakeRequest), Object(CakeResponse))
#1 {main}
2012-06-22 12:31:52 Error: [MissingControllerException] Controller class JsController could not be found.
#0 /var/www/app/webroot/index.php(92): Dispatcher->dispatch(Object(CakeRequest), Object(CakeResponse))
#1 {main}
2012-06-22 12:32:05 Error: [MissingControllerException] Controller class JsController could not be found.
#0 /var/www/app/webroot/index.php(92): Dispatcher->dispatch(Object(CakeRequest), Object(CakeResponse))
#1 {main}
2012-06-22 12:32:05 Error: [MissingControllerException] Controller class JsController could not be found.
#0 /var/www/app/webroot/index.php(92): Dispatcher->dispatch(Object(CakeRequest), Object(CakeResponse))
#1 {main}
2012-06-22 12:32:06 Error: [MissingControllerException] Controller class JsController could not be found.
#0 /var/www/app/webroot/index.php(92): Dispatcher->dispatch(Object(CakeRequest), Object(CakeResponse))
#1 {main}
2012-06-22 12:32:06 Error: [MissingControllerException] Controller class JsController could not be found.
#0 /var/www/app/webroot/index.php(92): Dispatcher->dispatch(Object(CakeRequest), Object(CakeResponse))
#1 {main}
2012-06-22 12:40:01 Error: [MissingControllerException] Controller class JsController could not be found.
#0 /var/www/app/webroot/index.php(92): Dispatcher->dispatch(Object(CakeRequest), Object(CakeResponse))
#1 {main}
2012-06-22 12:40:01 Error: [MissingControllerException] Controller class JsController could not be found.
#0 /var/www/app/webroot/index.php(92): Dispatcher->dispatch(Object(CakeRequest), Object(CakeResponse))
#1 {main}
2012-06-22 12:40:02 Error: [MissingControllerException] Controller class JsController could not be found.
#0 /var/www/app/webroot/index.php(92): Dispatcher->dispatch(Object(CakeRequest), Object(CakeResponse))
#1 {main}
2012-06-22 12:40:02 Error: [MissingControllerException] Controller class JsController could not be found.
#0 /var/www/app/webroot/index.php(92): Dispatcher->dispatch(Object(CakeRequest), Object(CakeResponse))
#1 {main}
2012-06-22 12:40:25 Error: [MissingControllerException] Controller class JsController could not be found.
#0 /var/www/app/webroot/index.php(92): Dispatcher->dispatch(Object(CakeRequest), Object(CakeResponse))
#1 {main}
2012-06-22 12:40:25 Error: [MissingControllerException] Controller class JsController could not be found.
#0 /var/www/app/webroot/index.php(92): Dispatcher->dispatch(Object(CakeRequest), Object(CakeResponse))
#1 {main}
2012-06-22 12:40:26 Error: [MissingControllerException] Controller class JsController could not be found.
#0 /var/www/app/webroot/index.php(92): Dispatcher->dispatch(Object(CakeRequest), Object(CakeResponse))
#1 {main}
2012-06-22 12:40:26 Error: [MissingControllerException] Controller class JsController could not be found.
#0 /var/www/app/webroot/index.php(92): Dispatcher->dispatch(Object(CakeRequest), Object(CakeResponse))
#1 {main}
2012-06-22 12:40:30 Error: [MissingControllerException] Controller class JsController could not be found.
#0 /var/www/app/webroot/index.php(92): Dispatcher->dispatch(Object(CakeRequest), Object(CakeResponse))
#1 {main}
2012-06-22 12:40:30 Error: [MissingControllerException] Controller class JsController could not be found.
#0 /var/www/app/webroot/index.php(92): Dispatcher->dispatch(Object(CakeRequest), Object(CakeResponse))
#1 {main}
2012-06-22 12:40:31 Error: [MissingControllerException] Controller class JsController could not be found.
#0 /var/www/app/webroot/index.php(92): Dispatcher->dispatch(Object(CakeRequest), Object(CakeResponse))
#1 {main}
2012-06-22 12:40:31 Error: [MissingControllerException] Controller class JsController could not be found.
#0 /var/www/app/webroot/index.php(92): Dispatcher->dispatch(Object(CakeRequest), Object(CakeResponse))
#1 {main}
2012-06-22 12:40:43 Error: [MissingControllerException] Controller class JsController could not be found.
#0 /var/www/app/webroot/index.php(92): Dispatcher->dispatch(Object(CakeRequest), Object(CakeResponse))
#1 {main}
2012-06-22 12:40:43 Error: [MissingControllerException] Controller class JsController could not be found.
#0 /var/www/app/webroot/index.php(92): Dispatcher->dispatch(Object(CakeRequest), Object(CakeResponse))
#1 {main}
2012-06-22 12:40:43 Error: [MissingControllerException] Controller class JsController could not be found.
#0 /var/www/app/webroot/index.php(92): Dispatcher->dispatch(Object(CakeRequest), Object(CakeResponse))
#1 {main}
2012-06-22 12:40:43 Error: [MissingControllerException] Controller class JsController could not be found.
#0 /var/www/app/webroot/index.php(92): Dispatcher->dispatch(Object(CakeRequest), Object(CakeResponse))
#1 {main}
2012-06-22 12:40:56 Error: [MissingControllerException] Controller class JsController could not be found.
#0 /var/www/app/webroot/index.php(92): Dispatcher->dispatch(Object(CakeRequest), Object(CakeResponse))
#1 {main}
2012-06-22 12:40:56 Error: [MissingControllerException] Controller class JsController could not be found.
#0 /var/www/app/webroot/index.php(92): Dispatcher->dispatch(Object(CakeRequest), Object(CakeResponse))
#1 {main}
2012-06-22 12:40:57 Error: [MissingControllerException] Controller class JsController could not be found.
#0 /var/www/app/webroot/index.php(92): Dispatcher->dispatch(Object(CakeRequest), Object(CakeResponse))
#1 {main}
2012-06-22 12:40:57 Error: [MissingControllerException] Controller class JsController could not be found.
#0 /var/www/app/webroot/index.php(92): Dispatcher->dispatch(Object(CakeRequest), Object(CakeResponse))
#1 {main}
2012-06-22 12:41:00 Error: [MissingControllerException] Controller class JsController could not be found.
#0 /var/www/app/webroot/index.php(92): Dispatcher->dispatch(Object(CakeRequest), Object(CakeResponse))
#1 {main}
2012-06-22 12:41:00 Error: [MissingControllerException] Controller class JsController could not be found.
#0 /var/www/app/webroot/index.php(92): Dispatcher->dispatch(Object(CakeRequest), Object(CakeResponse))
#1 {main}
2012-06-22 12:41:01 Error: [MissingControllerException] Controller class JsController could not be found.
#0 /var/www/app/webroot/index.php(92): Dispatcher->dispatch(Object(CakeRequest), Object(CakeResponse))
#1 {main}
2012-06-22 12:41:01 Error: [MissingControllerException] Controller class JsController could not be found.
#0 /var/www/app/webroot/index.php(92): Dispatcher->dispatch(Object(CakeRequest), Object(CakeResponse))
#1 {main}
2012-06-22 12:41:33 Error: [MissingControllerException] Controller class JsController could not be found.
#0 /var/www/app/webroot/index.php(92): Dispatcher->dispatch(Object(CakeRequest), Object(CakeResponse))
#1 {main}
2012-06-22 12:41:33 Error: [MissingControllerException] Controller class JsController could not be found.
#0 /var/www/app/webroot/index.php(92): Dispatcher->dispatch(Object(CakeRequest), Object(CakeResponse))
#1 {main}
2012-06-22 12:41:34 Error: [MissingControllerException] Controller class JsController could not be found.
#0 /var/www/app/webroot/index.php(92): Dispatcher->dispatch(Object(CakeRequest), Object(CakeResponse))
#1 {main}
2012-06-22 12:41:34 Error: [MissingControllerException] Controller class JsController could not be found.
#0 /var/www/app/webroot/index.php(92): Dispatcher->dispatch(Object(CakeRequest), Object(CakeResponse))
#1 {main}
2012-06-22 12:42:32 Error: [MissingControllerException] Controller class JsController could not be found.
#0 /var/www/app/webroot/index.php(92): Dispatcher->dispatch(Object(CakeRequest), Object(CakeResponse))
#1 {main}
2012-06-22 12:42:32 Error: [MissingControllerException] Controller class JsController could not be found.
#0 /var/www/app/webroot/index.php(92): Dispatcher->dispatch(Object(CakeRequest), Object(CakeResponse))
#1 {main}
2012-06-22 12:42:33 Error: [MissingControllerException] Controller class JsController could not be found.
#0 /var/www/app/webroot/index.php(92): Dispatcher->dispatch(Object(CakeRequest), Object(CakeResponse))
#1 {main}
2012-06-22 12:42:33 Error: [MissingControllerException] Controller class JsController could not be found.
#0 /var/www/app/webroot/index.php(92): Dispatcher->dispatch(Object(CakeRequest), Object(CakeResponse))
#1 {main}
2012-06-22 12:42:50 Error: [MissingControllerException] Controller class JsController could not be found.
#0 /var/www/app/webroot/index.php(92): Dispatcher->dispatch(Object(CakeRequest), Object(CakeResponse))
#1 {main}
2012-06-22 12:42:50 Error: [MissingControllerException] Controller class JsController could not be found.
#0 /var/www/app/webroot/index.php(92): Dispatcher->dispatch(Object(CakeRequest), Object(CakeResponse))
#1 {main}
2012-06-22 12:42:50 Error: [MissingControllerException] Controller class JsController could not be found.
#0 /var/www/app/webroot/index.php(92): Dispatcher->dispatch(Object(CakeRequest), Object(CakeResponse))
#1 {main}
2012-06-22 12:42:51 Error: [MissingControllerException] Controller class JsController could not be found.
#0 /var/www/app/webroot/index.php(92): Dispatcher->dispatch(Object(CakeRequest), Object(CakeResponse))
#1 {main}
2012-06-22 12:43:00 Error: [MissingControllerException] Controller class JsController could not be found.
#0 /var/www/app/webroot/index.php(92): Dispatcher->dispatch(Object(CakeRequest), Object(CakeResponse))
#1 {main}
2012-06-22 12:43:00 Error: [MissingControllerException] Controller class JsController could not be found.
#0 /var/www/app/webroot/index.php(92): Dispatcher->dispatch(Object(CakeRequest), Object(CakeResponse))
#1 {main}
2012-06-22 12:43:00 Error: [MissingControllerException] Controller class JsController could not be found.
#0 /var/www/app/webroot/index.php(92): Dispatcher->dispatch(Object(CakeRequest), Object(CakeResponse))
#1 {main}
2012-06-22 12:43:00 Error: [MissingControllerException] Controller class JsController could not be found.
#0 /var/www/app/webroot/index.php(92): Dispatcher->dispatch(Object(CakeRequest), Object(CakeResponse))
#1 {main}
2012-06-22 12:43:24 Error: [MissingControllerException] Controller class JsController could not be found.
#0 /var/www/app/webroot/index.php(92): Dispatcher->dispatch(Object(CakeRequest), Object(CakeResponse))
#1 {main}
2012-06-22 12:43:24 Error: [MissingControllerException] Controller class JsController could not be found.
#0 /var/www/app/webroot/index.php(92): Dispatcher->dispatch(Object(CakeRequest), Object(CakeResponse))
#1 {main}
2012-06-22 12:43:24 Error: [MissingControllerException] Controller class JsController could not be found.
#0 /var/www/app/webroot/index.php(92): Dispatcher->dispatch(Object(CakeRequest), Object(CakeResponse))
#1 {main}
2012-06-22 12:43:24 Error: [MissingControllerException] Controller class JsController could not be found.
#0 /var/www/app/webroot/index.php(92): Dispatcher->dispatch(Object(CakeRequest), Object(CakeResponse))
#1 {main}
2012-06-22 12:43:44 Error: [MissingControllerException] Controller class JsController could not be found.
#0 /var/www/app/webroot/index.php(92): Dispatcher->dispatch(Object(CakeRequest), Object(CakeResponse))
#1 {main}
2012-06-22 12:43:44 Error: [MissingControllerException] Controller class JsController could not be found.
#0 /var/www/app/webroot/index.php(92): Dispatcher->dispatch(Object(CakeRequest), Object(CakeResponse))
#1 {main}
2012-06-22 12:43:45 Error: [MissingControllerException] Controller class JsController could not be found.
#0 /var/www/app/webroot/index.php(92): Dispatcher->dispatch(Object(CakeRequest), Object(CakeResponse))
#1 {main}
2012-06-22 12:43:45 Error: [MissingControllerException] Controller class JsController could not be found.
#0 /var/www/app/webroot/index.php(92): Dispatcher->dispatch(Object(CakeRequest), Object(CakeResponse))
#1 {main}
2012-06-22 12:43:53 Error: [MissingControllerException] Controller class JsController could not be found.
#0 /var/www/app/webroot/index.php(92): Dispatcher->dispatch(Object(CakeRequest), Object(CakeResponse))
#1 {main}
2012-06-22 12:43:53 Error: [MissingControllerException] Controller class JsController could not be found.
#0 /var/www/app/webroot/index.php(92): Dispatcher->dispatch(Object(CakeRequest), Object(CakeResponse))
#1 {main}
2012-06-22 12:43:53 Error: [MissingControllerException] Controller class JsController could not be found.
#0 /var/www/app/webroot/index.php(92): Dispatcher->dispatch(Object(CakeRequest), Object(CakeResponse))
#1 {main}
2012-06-22 12:43:53 Error: [MissingControllerException] Controller class JsController could not be found.
#0 /var/www/app/webroot/index.php(92): Dispatcher->dispatch(Object(CakeRequest), Object(CakeResponse))
#1 {main}
2012-06-22 12:44:02 Error: [MissingControllerException] Controller class JsController could not be found.
#0 /var/www/app/webroot/index.php(92): Dispatcher->dispatch(Object(CakeRequest), Object(CakeResponse))
#1 {main}
2012-06-22 12:44:02 Error: [MissingControllerException] Controller class JsController could not be found.
#0 /var/www/app/webroot/index.php(92): Dispatcher->dispatch(Object(CakeRequest), Object(CakeResponse))
#1 {main}
2012-06-22 12:44:03 Error: [MissingControllerException] Controller class JsController could not be found.
#0 /var/www/app/webroot/index.php(92): Dispatcher->dispatch(Object(CakeRequest), Object(CakeResponse))
#1 {main}
2012-06-22 12:44:03 Error: [MissingControllerException] Controller class JsController could not be found.
#0 /var/www/app/webroot/index.php(92): Dispatcher->dispatch(Object(CakeRequest), Object(CakeResponse))
#1 {main}
2012-06-22 12:44:14 Error: [MissingControllerException] Controller class JsController could not be found.
#0 /var/www/app/webroot/index.php(92): Dispatcher->dispatch(Object(CakeRequest), Object(CakeResponse))
#1 {main}
2012-06-22 12:44:14 Error: [MissingControllerException] Controller class JsController could not be found.
#0 /var/www/app/webroot/index.php(92): Dispatcher->dispatch(Object(CakeRequest), Object(CakeResponse))
#1 {main}
2012-06-22 12:44:14 Error: [MissingControllerException] Controller class JsController could not be found.
#0 /var/www/app/webroot/index.php(92): Dispatcher->dispatch(Object(CakeRequest), Object(CakeResponse))
#1 {main}
2012-06-22 12:44:15 Error: [MissingControllerException] Controller class JsController could not be found.
#0 /var/www/app/webroot/index.php(92): Dispatcher->dispatch(Object(CakeRequest), Object(CakeResponse))
#1 {main}
2012-06-22 12:44:25 Error: [MissingControllerException] Controller class JsController could not be found.
#0 /var/www/app/webroot/index.php(92): Dispatcher->dispatch(Object(CakeRequest), Object(CakeResponse))
#1 {main}
2012-06-22 12:44:25 Error: [MissingControllerException] Controller class JsController could not be found.
#0 /var/www/app/webroot/index.php(92): Dispatcher->dispatch(Object(CakeRequest), Object(CakeResponse))
#1 {main}
2012-06-22 12:44:25 Error: [MissingControllerException] Controller class JsController could not be found.
#0 /var/www/app/webroot/index.php(92): Dispatcher->dispatch(Object(CakeRequest), Object(CakeResponse))
#1 {main}
2012-06-22 12:44:25 Error: [MissingControllerException] Controller class JsController could not be found.
#0 /var/www/app/webroot/index.php(92): Dispatcher->dispatch(Object(CakeRequest), Object(CakeResponse))
#1 {main}
2012-06-22 12:44:35 Error: [MissingControllerException] Controller class JsController could not be found.
#0 /var/www/app/webroot/index.php(92): Dispatcher->dispatch(Object(CakeRequest), Object(CakeResponse))
#1 {main}
2012-06-22 12:44:35 Error: [MissingControllerException] Controller class JsController could not be found.
#0 /var/www/app/webroot/index.php(92): Dispatcher->dispatch(Object(CakeRequest), Object(CakeResponse))
#1 {main}
2012-06-22 12:44:35 Error: [MissingControllerException] Controller class JsController could not be found.
#0 /var/www/app/webroot/index.php(92): Dispatcher->dispatch(Object(CakeRequest), Object(CakeResponse))
#1 {main}
2012-06-22 12:44:35 Error: [MissingControllerException] Controller class JsController could not be found.
#0 /var/www/app/webroot/index.php(92): Dispatcher->dispatch(Object(CakeRequest), Object(CakeResponse))
#1 {main}
2012-06-22 12:44:43 Error: [MissingControllerException] Controller class JsController could not be found.
#0 /var/www/app/webroot/index.php(92): Dispatcher->dispatch(Object(CakeRequest), Object(CakeResponse))
#1 {main}
2012-06-22 12:44:43 Error: [MissingControllerException] Controller class JsController could not be found.
#0 /var/www/app/webroot/index.php(92): Dispatcher->dispatch(Object(CakeRequest), Object(CakeResponse))
#1 {main}
2012-06-22 12:44:43 Error: [MissingControllerException] Controller class JsController could not be found.
#0 /var/www/app/webroot/index.php(92): Dispatcher->dispatch(Object(CakeRequest), Object(CakeResponse))
#1 {main}
2012-06-22 12:44:43 Error: [MissingControllerException] Controller class JsController could not be found.
#0 /var/www/app/webroot/index.php(92): Dispatcher->dispatch(Object(CakeRequest), Object(CakeResponse))
#1 {main}
2012-06-22 12:45:28 Error: [MissingControllerException] Controller class JsController could not be found.
#0 /var/www/app/webroot/index.php(92): Dispatcher->dispatch(Object(CakeRequest), Object(CakeResponse))
#1 {main}
2012-06-22 12:45:29 Error: [MissingControllerException] Controller class JsController could not be found.
#0 /var/www/app/webroot/index.php(92): Dispatcher->dispatch(Object(CakeRequest), Object(CakeResponse))
#1 {main}
2012-06-22 12:45:29 Error: [MissingControllerException] Controller class JsController could not be found.
#0 /var/www/app/webroot/index.php(92): Dispatcher->dispatch(Object(CakeRequest), Object(CakeResponse))
#1 {main}
2012-06-22 12:45:29 Error: [MissingControllerException] Controller class JsController could not be found.
#0 /var/www/app/webroot/index.php(92): Dispatcher->dispatch(Object(CakeRequest), Object(CakeResponse))
#1 {main}
2012-06-22 12:46:30 Error: [MissingControllerException] Controller class MobileViewController could not be found.
#0 /var/www/app/webroot/index.php(92): Dispatcher->dispatch(Object(CakeRequest), Object(CakeResponse))
#1 {main}
2012-06-22 12:46:32 Error: [MissingControllerException] Controller class MobileViewController could not be found.
#0 /var/www/app/webroot/index.php(92): Dispatcher->dispatch(Object(CakeRequest), Object(CakeResponse))
#1 {main}
2012-06-22 12:46:48 Error: [MissingControllerException] Controller class MobileViewController could not be found.
#0 /var/www/app/webroot/index.php(92): Dispatcher->dispatch(Object(CakeRequest), Object(CakeResponse))
#1 {main}
2012-06-22 12:46:50 Error: [MissingControllerException] Controller class MobileViewController could not be found.
#0 /var/www/app/webroot/index.php(92): Dispatcher->dispatch(Object(CakeRequest), Object(CakeResponse))
#1 {main}
2012-06-22 12:47:14 Error: [MissingControllerException] Controller class MobileViewController could not be found.
#0 /var/www/app/webroot/index.php(92): Dispatcher->dispatch(Object(CakeRequest), Object(CakeResponse))
#1 {main}
2012-06-22 12:48:47 Error: [MissingControllerException] Controller class MobileViewController could not be found.
#0 /var/www/app/webroot/index.php(92): Dispatcher->dispatch(Object(CakeRequest), Object(CakeResponse))
#1 {main}
2012-06-22 12:48:54 Error: [MissingControllerException] Controller class MobileViewController could not be found.
#0 /var/www/app/webroot/index.php(92): Dispatcher->dispatch(Object(CakeRequest), Object(CakeResponse))
#1 {main}
2012-06-22 12:48:56 Error: [MissingControllerException] Controller class MobileViewController could not be found.
#0 /var/www/app/webroot/index.php(92): Dispatcher->dispatch(Object(CakeRequest), Object(CakeResponse))
#1 {main}
2012-06-22 12:44:34 Error: [MissingControllerException] Controller class DownloadsMobile.phpController could not be found.
#0 /var/www/app/webroot/index.php(92): Dispatcher->dispatch(Object(CakeRequest), Object(CakeResponse))
#1 {main}
2012-06-22 12:44:40 Error: [MissingControllerException] Controller class DownloadsMobile.phpController could not be found.
#0 /var/www/app/webroot/index.php(92): Dispatcher->dispatch(Object(CakeRequest), Object(CakeResponse))
#1 {main}
2012-06-22 12:44:42 Error: [MissingControllerException] Controller class Index.phpController could not be found.
#0 /var/www/app/webroot/index.php(92): Dispatcher->dispatch(Object(CakeRequest), Object(CakeResponse))
#1 {main}
2012-06-22 12:44:44 Error: [MissingControllerException] Controller class Index.phpController could not be found.
#0 /var/www/app/webroot/index.php(92): Dispatcher->dispatch(Object(CakeRequest), Object(CakeResponse))
#1 {main}
2012-06-22 13:40:00 Error: [MissingControllerException] Controller class Index.phpController could not be found.
#0 /var/www/app/webroot/index.php(92): Dispatcher->dispatch(Object(CakeRequest), Object(CakeResponse))
#1 {main}
2012-06-22 14:03:59 Error: [MissingControllerException] Controller class AjaxController could not be found.
#0 /var/www/app/webroot/index.php(92): Dispatcher->dispatch(Object(CakeRequest), Object(CakeResponse))
#1 {main}
2012-06-22 15:01:45 Error: [MissingControllerException] Controller class DownloadsMobile.phpController could not be found.
#0 /var/www/app/webroot/index.php(92): Dispatcher->dispatch(Object(CakeRequest), Object(CakeResponse))
#1 {main}
2012-06-22 15:00:41 Error: [MissingControllerException] Controller class Index.phpController could not be found.
#0 /var/www/app/webroot/index.php(92): Dispatcher->dispatch(Object(CakeRequest), Object(CakeResponse))
#1 {main}
2012-06-22 15:03:03 Error: [MissingControllerException] Controller class Index.phpController could not be found.
#0 /var/www/app/webroot/index.php(92): Dispatcher->dispatch(Object(CakeRequest), Object(CakeResponse))
#1 {main}
2012-06-22 15:03:23 Error: [MissingControllerException] Controller class Index.phpController could not be found.
#0 /var/www/app/webroot/index.php(92): Dispatcher->dispatch(Object(CakeRequest), Object(CakeResponse))
#1 {main}
2012-06-22 15:03:58 Error: [MissingControllerException] Controller class Index.phpController could not be found.
#0 /var/www/app/webroot/index.php(92): Dispatcher->dispatch(Object(CakeRequest), Object(CakeResponse))
#1 {main}
2012-06-22 15:04:43 Error: [MissingControllerException] Controller class Index.phpController could not be found.
#0 /var/www/app/webroot/index.php(92): Dispatcher->dispatch(Object(CakeRequest), Object(CakeResponse))
#1 {main}
2012-06-22 15:04:49 Error: [MissingControllerException] Controller class IController could not be found.
#0 /var/www/app/webroot/index.php(92): Dispatcher->dispatch(Object(CakeRequest), Object(CakeResponse))
#1 {main}
2012-06-22 15:35:46 Error: [MissingControllerException] Controller class IController could not be found.
#0 /var/www/app/webroot/index.php(92): Dispatcher->dispatch(Object(CakeRequest), Object(CakeResponse))
#1 {main}
2012-06-22 15:36:20 Error: [MissingControllerException] Controller class IController could not be found.
#0 /var/www/app/webroot/index.php(92): Dispatcher->dispatch(Object(CakeRequest), Object(CakeResponse))
#1 {main}
