2011-08-30 09:38:06 Notice: Notice (1024): Please change the value of 'Security.salt' in app/config/core.php to a salt value specific to your application in [/var/www/cake/libs/debugger.php, line 694]
2011-08-30 09:38:06 Notice: Notice (1024): Please change the value of 'Security.cipherSeed' in app/config/core.php to a numeric (digits only) seed value specific to your application in [/var/www/cake/libs/debugger.php, line 698]
2011-08-30 09:38:40 Notice: Notice (1024): Please change the value of 'Security.salt' in app/config/core.php to a salt value specific to your application in [/var/www/cake/libs/debugger.php, line 694]
2011-08-30 09:38:40 Notice: Notice (1024): Please change the value of 'Security.cipherSeed' in app/config/core.php to a numeric (digits only) seed value specific to your application in [/var/www/cake/libs/debugger.php, line 698]
2011-08-30 09:42:14 Notice: Notice (1024): Please change the value of 'Security.salt' in app/config/core.php to a salt value specific to your application in [/var/www/cake/libs/debugger.php, line 694]
2011-08-30 09:42:14 Notice: Notice (1024): Please change the value of 'Security.cipherSeed' in app/config/core.php to a numeric (digits only) seed value specific to your application in [/var/www/cake/libs/debugger.php, line 698]
2011-08-30 09:44:00 Notice: Notice (1024): Please change the value of 'Security.salt' in app/config/core.php to a salt value specific to your application in [/var/www/cake/libs/debugger.php, line 694]
2011-08-30 09:44:00 Notice: Notice (1024): Please change the value of 'Security.cipherSeed' in app/config/core.php to a numeric (digits only) seed value specific to your application in [/var/www/cake/libs/debugger.php, line 698]
2011-08-30 09:44:35 Notice: Notice (1024): Please change the value of 'Security.cipherSeed' in app/config/core.php to a numeric (digits only) seed value specific to your application in [/var/www/cake/libs/debugger.php, line 698]
2011-08-31 10:08:31 Notice: Notice (8): Undefined property: PagesController::$Software in [/var/www/app/controllers/pages_controller.php, line 67]
2011-08-31 10:12:47 Notice: Notice (8): Undefined property: PagesController::$Software in [/var/www/app/controllers/pages_controller.php, line 68]
2011-09-01 12:40:25 Notice: Notice (8): Undefined variable: i in [/var/www/app/views/pages/home.ctp, line 29]
2011-09-01 12:40:25 Notice: Notice (8): Undefined variable: var in [/var/www/app/views/pages/home.ctp, line 31]
2011-09-01 12:40:46 Notice: Notice (8): Undefined variable: var in [/var/www/app/views/pages/home.ctp, line 32]
2011-09-01 12:41:25 Notice: Notice (8): Use of undefined constant Software - assumed 'Software' in [/var/www/app/views/pages/home.ctp, line 35]
2011-09-01 12:41:25 Notice: Notice (8): Use of undefined constant softCat - assumed 'softCat' in [/var/www/app/views/pages/home.ctp, line 35]
2011-09-01 12:41:25 Notice: Notice (8): Use of undefined constant Software - assumed 'Software' in [/var/www/app/views/pages/home.ctp, line 37]
2011-09-01 12:41:25 Notice: Notice (8): Use of undefined constant softName - assumed 'softName' in [/var/www/app/views/pages/home.ctp, line 37]
2011-09-01 12:42:28 Notice: Notice (8): Use of undefined constant Software - assumed 'Software' in [/var/www/app/views/pages/home.ctp, line 35]
2011-09-01 12:42:28 Notice: Notice (8): Use of undefined constant softCat - assumed 'softCat' in [/var/www/app/views/pages/home.ctp, line 35]
2011-09-01 12:42:28 Notice: Notice (8): Use of undefined constant Software - assumed 'Software' in [/var/www/app/views/pages/home.ctp, line 37]
2011-09-01 12:42:28 Notice: Notice (8): Use of undefined constant softName - assumed 'softName' in [/var/www/app/views/pages/home.ctp, line 37]
2011-09-01 12:52:43 Notice: Notice (8): Undefined variable: w00t2 in [/var/www/app/views/pages/home.ctp, line 40]
2011-09-01 13:22:03 Notice: Notice (8): Undefined variable: software in [/var/www/app/views/layouts/default.ctp, line 368]
2011-09-01 13:22:03 Notice: Notice (8): Undefined variable: w00t1 in [/var/www/app/views/layouts/default.ctp, line 369]
2011-09-01 13:37:55 Notice: Notice (8): Undefined property: View::$Software in [/var/www/app/views/pages/home.ctp, line 44]
2011-09-01 13:37:58 Notice: Notice (8): Undefined property: View::$Software in [/var/www/app/views/pages/home.ctp, line 44]
2011-09-01 13:42:04 Notice: Notice (8): Undefined property: View::$Software in [/var/www/app/views/pages/home.ctp, line 46]
2011-09-01 13:45:10 Notice: Notice (8): Undefined property: View::$_findMethods in [/var/www/cake/libs/model/model.php, line 2070]
2011-09-01 13:45:11 Notice: Notice (8): Undefined property: View::$_findMethods in [/var/www/cake/libs/model/model.php, line 2070]
2011-09-01 21:31:03 Notice: Notice (8): Array to string conversion in [/var/www/cake/libs/router.php, line 1573]
2011-09-01 21:31:14 Notice: Notice (8): Array to string conversion in [/var/www/cake/libs/router.php, line 1573]
2011-09-01 21:31:53 Notice: Notice (8): Array to string conversion in [/var/www/cake/libs/router.php, line 1573]
2011-09-14 08:55:07 Notice: Notice (8): Undefined offset: 0 in [/var/www/appcenter/http/app/views/software/show_desc.ctp, line 1]
2011-09-14 08:55:07 Notice: Notice (8): Undefined offset: 0 in [/var/www/appcenter/http/app/views/software/show_desc.ctp, line 4]
2011-09-14 08:55:07 Notice: Notice (8): Undefined offset: 0 in [/var/www/appcenter/http/app/views/software/show_desc.ctp, line 9]
2011-09-14 08:55:07 Notice: Notice (8): Undefined offset: 0 in [/var/www/appcenter/http/app/views/software/show_desc.ctp, line 15]
2011-09-14 08:55:07 Notice: Notice (8): Undefined offset: 0 in [/var/www/appcenter/http/app/views/software/show_desc.ctp, line 40]
2011-09-14 08:55:07 Notice: Notice (8): Undefined offset: 0 in [/var/www/appcenter/http/app/views/software/show_desc.ctp, line 42]
2011-09-14 08:55:07 Notice: Notice (8): Undefined offset: 0 in [/var/www/appcenter/http/app/views/software/show_desc.ctp, line 46]
2011-09-14 08:55:07 Notice: Notice (8): Undefined offset: 0 in [/var/www/appcenter/http/app/views/software/show_desc.ctp, line 55]
2011-09-14 08:55:07 Notice: Notice (8): Undefined offset: 0 in [/var/www/appcenter/http/app/views/software/show_desc.ctp, line 68]
2011-09-14 08:55:08 Notice: Notice (8): Undefined offset: 0 in [/var/www/appcenter/http/app/views/software/show_desc.ctp, line 1]
2011-09-14 08:55:08 Notice: Notice (8): Undefined offset: 0 in [/var/www/appcenter/http/app/views/software/show_desc.ctp, line 4]
2011-09-14 08:55:08 Notice: Notice (8): Undefined offset: 0 in [/var/www/appcenter/http/app/views/software/show_desc.ctp, line 9]
2011-09-14 08:55:08 Notice: Notice (8): Undefined offset: 0 in [/var/www/appcenter/http/app/views/software/show_desc.ctp, line 15]
2011-09-14 08:55:08 Notice: Notice (8): Undefined offset: 0 in [/var/www/appcenter/http/app/views/software/show_desc.ctp, line 40]
2011-09-14 08:55:08 Notice: Notice (8): Undefined offset: 0 in [/var/www/appcenter/http/app/views/software/show_desc.ctp, line 42]
2011-09-14 08:55:08 Notice: Notice (8): Undefined offset: 0 in [/var/www/appcenter/http/app/views/software/show_desc.ctp, line 46]
2011-09-14 08:55:08 Notice: Notice (8): Undefined offset: 0 in [/var/www/appcenter/http/app/views/software/show_desc.ctp, line 55]
2011-09-14 08:55:08 Notice: Notice (8): Undefined offset: 0 in [/var/www/appcenter/http/app/views/software/show_desc.ctp, line 68]
2011-09-14 09:26:16 Notice: Notice (8): Undefined variable: softcount in [/var/www/appcenter/http/app/controllers/pages_controller.php, line 79]
2011-09-14 09:38:25 Notice: Notice (8): Undefined index: softCat in [/var/www/appcenter/http/app/views/pages/home.ctp, line 38]
2011-09-14 12:33:33 Notice: Notice (8): Undefined offset: 0 in [/var/www/appcenter/http/app/views/software/show_desc.ctp, line 1]
2011-09-14 12:33:33 Notice: Notice (8): Undefined offset: 0 in [/var/www/appcenter/http/app/views/software/show_desc.ctp, line 4]
2011-09-14 12:33:33 Notice: Notice (8): Undefined offset: 0 in [/var/www/appcenter/http/app/views/software/show_desc.ctp, line 9]
2011-09-14 12:33:33 Notice: Notice (8): Undefined offset: 0 in [/var/www/appcenter/http/app/views/software/show_desc.ctp, line 15]
2011-09-14 12:33:33 Notice: Notice (8): Undefined offset: 0 in [/var/www/appcenter/http/app/views/software/show_desc.ctp, line 40]
2011-09-14 12:33:33 Notice: Notice (8): Undefined offset: 0 in [/var/www/appcenter/http/app/views/software/show_desc.ctp, line 42]
2011-09-14 12:33:33 Notice: Notice (8): Undefined offset: 0 in [/var/www/appcenter/http/app/views/software/show_desc.ctp, line 46]
2011-09-14 12:33:33 Notice: Notice (8): Undefined offset: 0 in [/var/www/appcenter/http/app/views/software/show_desc.ctp, line 55]
2011-09-14 12:33:33 Notice: Notice (8): Undefined offset: 0 in [/var/www/appcenter/http/app/views/software/show_desc.ctp, line 68]
2011-09-14 12:33:34 Notice: Notice (8): Undefined offset: 0 in [/var/www/appcenter/http/app/views/software/show_desc.ctp, line 1]
2011-09-14 12:33:34 Notice: Notice (8): Undefined offset: 0 in [/var/www/appcenter/http/app/views/software/show_desc.ctp, line 4]
2011-09-14 12:33:34 Notice: Notice (8): Undefined offset: 0 in [/var/www/appcenter/http/app/views/software/show_desc.ctp, line 9]
2011-09-14 12:33:34 Notice: Notice (8): Undefined offset: 0 in [/var/www/appcenter/http/app/views/software/show_desc.ctp, line 15]
2011-09-14 12:33:34 Notice: Notice (8): Undefined offset: 0 in [/var/www/appcenter/http/app/views/software/show_desc.ctp, line 40]
2011-09-14 12:33:34 Notice: Notice (8): Undefined offset: 0 in [/var/www/appcenter/http/app/views/software/show_desc.ctp, line 42]
2011-09-14 12:33:34 Notice: Notice (8): Undefined offset: 0 in [/var/www/appcenter/http/app/views/software/show_desc.ctp, line 46]
2011-09-14 12:33:34 Notice: Notice (8): Undefined offset: 0 in [/var/www/appcenter/http/app/views/software/show_desc.ctp, line 55]
2011-09-14 12:33:34 Notice: Notice (8): Undefined offset: 0 in [/var/www/appcenter/http/app/views/software/show_desc.ctp, line 68]
2011-09-14 19:05:49 Notice: Notice (8): Undefined offset: 0 in [/var/www/appcenter/http/app/views/software/show_desc.ctp, line 1]
2011-09-14 19:05:49 Notice: Notice (8): Undefined offset: 0 in [/var/www/appcenter/http/app/views/software/show_desc.ctp, line 4]
2011-09-14 19:05:49 Notice: Notice (8): Undefined offset: 0 in [/var/www/appcenter/http/app/views/software/show_desc.ctp, line 9]
2011-09-14 19:05:49 Notice: Notice (8): Undefined offset: 0 in [/var/www/appcenter/http/app/views/software/show_desc.ctp, line 15]
2011-09-14 19:05:49 Notice: Notice (8): Undefined offset: 0 in [/var/www/appcenter/http/app/views/software/show_desc.ctp, line 40]
2011-09-14 19:05:49 Notice: Notice (8): Undefined offset: 0 in [/var/www/appcenter/http/app/views/software/show_desc.ctp, line 42]
2011-09-14 19:05:49 Notice: Notice (8): Undefined offset: 0 in [/var/www/appcenter/http/app/views/software/show_desc.ctp, line 46]
2011-09-14 19:05:49 Notice: Notice (8): Undefined offset: 0 in [/var/www/appcenter/http/app/views/software/show_desc.ctp, line 55]
2011-09-14 19:05:49 Notice: Notice (8): Undefined offset: 0 in [/var/www/appcenter/http/app/views/software/show_desc.ctp, line 68]
2011-09-14 19:21:35 Notice: Notice (8): Undefined offset: 0 in [/var/www/appcenter/http/app/views/software/show_desc.ctp, line 1]
2011-09-14 19:21:35 Notice: Notice (8): Undefined offset: 0 in [/var/www/appcenter/http/app/views/software/show_desc.ctp, line 4]
2011-09-14 19:21:35 Notice: Notice (8): Undefined offset: 0 in [/var/www/appcenter/http/app/views/software/show_desc.ctp, line 9]
2011-09-14 19:21:35 Notice: Notice (8): Undefined offset: 0 in [/var/www/appcenter/http/app/views/software/show_desc.ctp, line 15]
2011-09-14 19:21:35 Notice: Notice (8): Undefined offset: 0 in [/var/www/appcenter/http/app/views/software/show_desc.ctp, line 40]
2011-09-14 19:21:35 Notice: Notice (8): Undefined offset: 0 in [/var/www/appcenter/http/app/views/software/show_desc.ctp, line 42]
2011-09-14 19:21:35 Notice: Notice (8): Undefined offset: 0 in [/var/www/appcenter/http/app/views/software/show_desc.ctp, line 46]
2011-09-14 19:21:35 Notice: Notice (8): Undefined offset: 0 in [/var/www/appcenter/http/app/views/software/show_desc.ctp, line 55]
2011-09-14 19:21:35 Notice: Notice (8): Undefined offset: 0 in [/var/www/appcenter/http/app/views/software/show_desc.ctp, line 68]
2011-09-14 19:29:43 Notice: Notice (8): Undefined offset: 0 in [/var/www/appcenter/http/app/views/software/show_desc.ctp, line 1]
2011-09-14 19:29:43 Notice: Notice (8): Undefined offset: 0 in [/var/www/appcenter/http/app/views/software/show_desc.ctp, line 4]
2011-09-14 19:29:43 Notice: Notice (8): Undefined offset: 0 in [/var/www/appcenter/http/app/views/software/show_desc.ctp, line 9]
2011-09-14 19:29:43 Notice: Notice (8): Undefined offset: 0 in [/var/www/appcenter/http/app/views/software/show_desc.ctp, line 15]
2011-09-14 19:29:43 Notice: Notice (8): Undefined offset: 0 in [/var/www/appcenter/http/app/views/software/show_desc.ctp, line 40]
2011-09-14 19:29:43 Notice: Notice (8): Undefined offset: 0 in [/var/www/appcenter/http/app/views/software/show_desc.ctp, line 42]
2011-09-14 19:29:43 Notice: Notice (8): Undefined offset: 0 in [/var/www/appcenter/http/app/views/software/show_desc.ctp, line 46]
2011-09-14 19:29:43 Notice: Notice (8): Undefined offset: 0 in [/var/www/appcenter/http/app/views/software/show_desc.ctp, line 55]
2011-09-14 19:29:43 Notice: Notice (8): Undefined offset: 0 in [/var/www/appcenter/http/app/views/software/show_desc.ctp, line 68]
2011-09-14 19:38:34 Notice: Notice (8): Undefined offset: 0 in [/var/www/appcenter/http/app/views/software/show_desc.ctp, line 1]
2011-09-14 19:38:34 Notice: Notice (8): Undefined offset: 0 in [/var/www/appcenter/http/app/views/software/show_desc.ctp, line 4]
2011-09-14 19:38:34 Notice: Notice (8): Undefined offset: 0 in [/var/www/appcenter/http/app/views/software/show_desc.ctp, line 9]
2011-09-14 19:38:34 Notice: Notice (8): Undefined offset: 0 in [/var/www/appcenter/http/app/views/software/show_desc.ctp, line 15]
2011-09-14 19:38:34 Notice: Notice (8): Undefined offset: 0 in [/var/www/appcenter/http/app/views/software/show_desc.ctp, line 40]
2011-09-14 19:38:34 Notice: Notice (8): Undefined offset: 0 in [/var/www/appcenter/http/app/views/software/show_desc.ctp, line 42]
2011-09-14 19:38:34 Notice: Notice (8): Undefined offset: 0 in [/var/www/appcenter/http/app/views/software/show_desc.ctp, line 46]
2011-09-14 19:38:34 Notice: Notice (8): Undefined offset: 0 in [/var/www/appcenter/http/app/views/software/show_desc.ctp, line 55]
2011-09-14 19:38:34 Notice: Notice (8): Undefined offset: 0 in [/var/www/appcenter/http/app/views/software/show_desc.ctp, line 68]
2011-09-14 20:29:54 Notice: Notice (8): Undefined offset: 0 in [/var/www/appcenter/http/app/controllers/software_controller.php, line 23]
2011-09-14 20:29:54 Notice: Notice (8): Undefined offset: 0 in [/var/www/appcenter/http/app/views/software/show_desc.ctp, line 1]
2011-09-14 20:29:54 Notice: Notice (8): Undefined offset: 0 in [/var/www/appcenter/http/app/views/software/show_desc.ctp, line 4]
2011-09-14 20:29:54 Notice: Notice (8): Undefined offset: 0 in [/var/www/appcenter/http/app/views/software/show_desc.ctp, line 9]
2011-09-14 20:29:54 Notice: Notice (8): Undefined offset: 0 in [/var/www/appcenter/http/app/views/software/show_desc.ctp, line 15]
2011-09-14 20:29:54 Notice: Notice (8): Undefined offset: 0 in [/var/www/appcenter/http/app/views/software/show_desc.ctp, line 40]
2011-09-14 20:29:54 Notice: Notice (8): Undefined offset: 0 in [/var/www/appcenter/http/app/views/software/show_desc.ctp, line 42]
2011-09-14 20:29:54 Notice: Notice (8): Undefined offset: 0 in [/var/www/appcenter/http/app/views/software/show_desc.ctp, line 46]
2011-09-14 20:29:54 Notice: Notice (8): Undefined offset: 0 in [/var/www/appcenter/http/app/views/software/show_desc.ctp, line 55]
2011-09-14 20:29:54 Notice: Notice (8): Undefined offset: 0 in [/var/www/appcenter/http/app/views/software/show_desc.ctp, line 68]
2011-09-14 20:30:03 Notice: Notice (8): Undefined offset: 0 in [/var/www/appcenter/http/app/views/software/show_desc.ctp, line 1]
2011-09-14 20:30:03 Notice: Notice (8): Undefined offset: 0 in [/var/www/appcenter/http/app/views/software/show_desc.ctp, line 4]
2011-09-14 20:30:03 Notice: Notice (8): Undefined offset: 0 in [/var/www/appcenter/http/app/views/software/show_desc.ctp, line 9]
2011-09-14 20:30:03 Notice: Notice (8): Undefined offset: 0 in [/var/www/appcenter/http/app/views/software/show_desc.ctp, line 15]
2011-09-14 20:30:03 Notice: Notice (8): Undefined offset: 0 in [/var/www/appcenter/http/app/views/software/show_desc.ctp, line 40]
2011-09-14 20:30:03 Notice: Notice (8): Undefined offset: 0 in [/var/www/appcenter/http/app/views/software/show_desc.ctp, line 42]
2011-09-14 20:30:03 Notice: Notice (8): Undefined offset: 0 in [/var/www/appcenter/http/app/views/software/show_desc.ctp, line 46]
2011-09-14 20:30:03 Notice: Notice (8): Undefined offset: 0 in [/var/www/appcenter/http/app/views/software/show_desc.ctp, line 55]
2011-09-14 20:30:03 Notice: Notice (8): Undefined offset: 0 in [/var/www/appcenter/http/app/views/software/show_desc.ctp, line 68]
2011-09-15 10:04:11 Notice: Notice (8): Undefined variable: javascript in [/var/www/appcenter/http/app/views/layouts/default.ctp, line 376]
2011-09-15 10:09:52 Notice: Notice (8): Undefined variable: javascript in [/var/www/appcenter/http/app/views/layouts/default.ctp, line 376]
2011-09-15 10:10:01 Notice: Notice (8): Undefined variable: javascript in [/var/www/appcenter/http/app/views/layouts/default.ctp, line 376]
2011-09-15 10:10:02 Notice: Notice (8): Undefined variable: javascript in [/var/www/appcenter/http/app/views/layouts/default.ctp, line 376]
2011-09-15 10:10:03 Notice: Notice (8): Undefined variable: javascript in [/var/www/appcenter/http/app/views/layouts/default.ctp, line 376]
2011-09-15 10:10:10 Notice: Notice (8): Undefined variable: javascript in [/var/www/appcenter/http/app/views/layouts/default.ctp, line 376]
2011-09-15 10:10:12 Notice: Notice (8): Undefined variable: javascript in [/var/www/appcenter/http/app/views/layouts/default.ctp, line 376]
2011-09-15 10:10:13 Notice: Notice (8): Undefined variable: javascript in [/var/www/appcenter/http/app/views/layouts/default.ctp, line 376]
2011-09-15 10:10:14 Notice: Notice (8): Undefined variable: javascript in [/var/www/appcenter/http/app/views/layouts/default.ctp, line 376]
2011-09-15 10:11:57 Notice: Notice (8): Undefined variable: javascript in [/var/www/appcenter/http/app/views/layouts/default.ctp, line 376]
2011-09-15 10:12:00 Notice: Notice (8): Undefined variable: javascript in [/var/www/appcenter/http/app/views/layouts/default.ctp, line 376]
2011-09-15 10:12:01 Notice: Notice (8): Undefined variable: javascript in [/var/www/appcenter/http/app/views/layouts/default.ctp, line 376]
2011-09-15 10:12:08 Notice: Notice (8): Undefined variable: javascript in [/var/www/appcenter/http/app/views/layouts/default.ctp, line 376]
2011-09-15 10:22:40 Notice: Notice (8): Undefined variable: javascript in [/var/www/appcenter/http/app/views/layouts/default.ctp, line 376]
2011-09-15 10:22:40 Notice: Notice (8): Undefined variable: javascript in [/var/www/appcenter/http/app/views/layouts/default.ctp, line 376]
2011-09-15 10:22:40 Notice: Notice (8): Undefined variable: javascript in [/var/www/appcenter/http/app/views/layouts/default.ctp, line 376]
2011-09-15 10:22:40 Notice: Notice (8): Undefined variable: javascript in [/var/www/appcenter/http/app/views/layouts/default.ctp, line 376]
2011-09-15 10:22:40 Notice: Notice (8): Undefined variable: javascript in [/var/www/appcenter/http/app/views/layouts/default.ctp, line 376]
2011-09-15 10:22:40 Notice: Notice (8): Undefined variable: javascript in [/var/www/appcenter/http/app/views/layouts/default.ctp, line 376]
2011-09-15 10:40:22 Notice: Notice (8): Undefined variable: javascript in [/var/www/appcenter/http/app/views/layouts/default.ctp, line 375]
2011-09-15 10:40:26 Notice: Notice (8): Undefined variable: javascript in [/var/www/appcenter/http/app/views/layouts/default.ctp, line 375]
2011-09-15 10:40:40 Notice: Notice (8): Undefined variable: javascript in [/var/www/appcenter/http/app/views/layouts/default.ctp, line 375]
2011-09-15 10:45:50 Notice: Notice (8): Undefined variable: ajax in [/var/www/appcenter/http/app/views/layouts/default.ctp, line 387]
2011-09-15 10:45:50 Notice: Notice (8): Undefined variable: ajax in [/var/www/appcenter/http/app/views/layouts/default.ctp, line 387]
2011-09-15 10:45:50 Notice: Notice (8): Undefined variable: ajax in [/var/www/appcenter/http/app/views/layouts/default.ctp, line 387]
2011-09-15 10:45:50 Notice: Notice (8): Undefined variable: ajax in [/var/www/appcenter/http/app/views/layouts/default.ctp, line 387]
2011-09-15 10:45:50 Notice: Notice (8): Undefined variable: ajax in [/var/www/appcenter/http/app/views/layouts/default.ctp, line 387]
2011-09-15 10:45:50 Notice: Notice (8): Undefined variable: ajax in [/var/www/appcenter/http/app/views/layouts/default.ctp, line 387]
2011-09-15 10:58:19 Notice: Notice (8): Undefined variable: javascript in [/var/www/appcenter/http/app/views/layouts/default.ctp, line 63]
2011-09-15 10:58:19 Notice: Notice (8): Undefined variable: javascript in [/var/www/appcenter/http/app/views/layouts/default.ctp, line 63]
2011-09-15 10:58:19 Notice: Notice (8): Undefined variable: javascript in [/var/www/appcenter/http/app/views/layouts/default.ctp, line 63]
2011-09-15 10:58:19 Notice: Notice (8): Undefined variable: javascript in [/var/www/appcenter/http/app/views/layouts/default.ctp, line 63]
2011-09-15 10:58:19 Notice: Notice (8): Undefined variable: javascript in [/var/www/appcenter/http/app/views/layouts/default.ctp, line 63]
2011-09-15 10:58:19 Notice: Notice (8): Undefined variable: javascript in [/var/www/appcenter/http/app/views/layouts/default.ctp, line 63]
2011-09-15 11:32:49 Notice: Notice (8): Undefined variable: javascript in [/var/www/appcenter/http/app/views/layouts/default.ctp, line 62]
2011-09-15 11:51:21 Notice: Notice (8): Undefined variable: javascript in [/var/www/appcenter/http/app/views/layouts/default.ctp, line 62]
2011-09-15 11:57:46 Notice: Notice (8): Undefined variable: javascript in [/var/www/appcenter/http/app/views/layouts/default.ctp, line 62]
2011-09-15 11:57:46 Notice: Notice (8): Undefined variable: javascript in [/var/www/appcenter/http/app/views/layouts/default.ctp, line 62]
2011-09-15 11:57:46 Notice: Notice (8): Undefined variable: javascript in [/var/www/appcenter/http/app/views/layouts/default.ctp, line 62]
2011-09-15 11:57:46 Notice: Notice (8): Undefined variable: javascript in [/var/www/appcenter/http/app/views/layouts/default.ctp, line 62]
2011-09-15 11:57:46 Notice: Notice (8): Undefined variable: javascript in [/var/www/appcenter/http/app/views/layouts/default.ctp, line 62]
2011-09-15 11:57:46 Notice: Notice (8): Undefined variable: javascript in [/var/www/appcenter/http/app/views/layouts/default.ctp, line 62]
2011-09-15 12:00:12 Notice: Notice (8): Undefined variable: javascript in [/var/www/appcenter/http/app/views/layouts/default.ctp, line 62]
2011-09-15 12:00:12 Notice: Notice (8): Undefined variable: javascript in [/var/www/appcenter/http/app/views/layouts/default.ctp, line 62]
2011-09-15 12:00:12 Notice: Notice (8): Undefined variable: javascript in [/var/www/appcenter/http/app/views/layouts/default.ctp, line 62]
2011-09-15 12:00:12 Notice: Notice (8): Undefined variable: javascript in [/var/www/appcenter/http/app/views/layouts/default.ctp, line 62]
2011-09-15 12:00:12 Notice: Notice (8): Undefined variable: javascript in [/var/www/appcenter/http/app/views/layouts/default.ctp, line 62]
2011-09-15 12:00:12 Notice: Notice (8): Undefined variable: javascript in [/var/www/appcenter/http/app/views/layouts/default.ctp, line 62]
2011-09-15 12:03:31 Notice: Notice (8): Undefined variable: javascript in [/var/www/appcenter/http/app/views/layouts/default.ctp, line 63]
2011-09-15 12:03:31 Notice: Notice (8): Undefined variable: javascript in [/var/www/appcenter/http/app/views/layouts/default.ctp, line 63]
2011-09-15 12:03:31 Notice: Notice (8): Undefined variable: javascript in [/var/www/appcenter/http/app/views/layouts/default.ctp, line 63]
2011-09-15 12:03:31 Notice: Notice (8): Undefined variable: javascript in [/var/www/appcenter/http/app/views/layouts/default.ctp, line 63]
2011-09-15 12:03:31 Notice: Notice (8): Undefined variable: javascript in [/var/www/appcenter/http/app/views/layouts/default.ctp, line 63]
2011-09-15 12:03:31 Notice: Notice (8): Undefined variable: javascript in [/var/www/appcenter/http/app/views/layouts/default.ctp, line 63]
2011-09-15 12:14:29 Notice: Notice (8): Undefined variable: javascript in [/var/www/appcenter/http/app/views/layouts/default.ctp, line 62]
2011-09-15 12:14:32 Notice: Notice (8): Undefined variable: javascript in [/var/www/appcenter/http/app/views/layouts/default.ctp, line 62]
2011-09-15 12:14:35 Notice: Notice (8): Undefined variable: javascript in [/var/www/appcenter/http/app/views/layouts/default.ctp, line 62]
2011-09-15 12:24:34 Notice: Notice (8): Undefined variable: javascript in [/var/www/appcenter/http/app/views/layouts/default.ctp, line 63]
2011-09-15 12:24:34 Notice: Notice (8): Undefined variable: javascript in [/var/www/appcenter/http/app/views/layouts/default.ctp, line 63]
2011-09-15 12:24:34 Notice: Notice (8): Undefined variable: javascript in [/var/www/appcenter/http/app/views/layouts/default.ctp, line 63]
2011-09-15 12:24:34 Notice: Notice (8): Undefined variable: javascript in [/var/www/appcenter/http/app/views/layouts/default.ctp, line 63]
2011-09-15 12:24:35 Notice: Notice (8): Undefined variable: javascript in [/var/www/appcenter/http/app/views/layouts/default.ctp, line 63]
2011-09-15 12:24:35 Notice: Notice (8): Undefined variable: javascript in [/var/www/appcenter/http/app/views/layouts/default.ctp, line 63]
2011-09-15 14:32:56 Notice: Notice (8): Undefined variable: javascript in [/var/www/appcenter/http/app/views/layouts/default.ctp, line 63]
2011-09-15 14:43:56 Notice: Notice (8): Undefined variable: javascript in [/var/www/appcenter/http/app/views/layouts/default.ctp, line 63]
2011-09-15 14:44:08 Notice: Notice (8): Undefined variable: javascript in [/var/www/appcenter/http/app/views/layouts/default.ctp, line 63]
2011-09-15 14:44:14 Notice: Notice (8): Undefined variable: javascript in [/var/www/appcenter/http/app/views/layouts/default.ctp, line 63]
2011-09-15 14:44:23 Notice: Notice (8): Undefined variable: javascript in [/var/www/appcenter/http/app/views/layouts/default.ctp, line 63]
2011-09-15 14:48:57 Notice: Notice (8): Undefined variable: javascript in [/var/www/appcenter/http/app/views/layouts/default.ctp, line 63]
2011-09-15 14:49:02 Notice: Notice (8): Undefined variable: javascript in [/var/www/appcenter/http/app/views/layouts/default.ctp, line 63]
2011-09-15 15:22:16 Notice: Notice (8): Undefined variable: javascript in [/var/www/appcenter/http/app/views/layouts/default.ctp, line 63]
2011-09-15 15:24:20 Notice: Notice (8): Undefined variable: javascript in [/var/www/appcenter/http/app/views/layouts/default.ctp, line 63]
2011-09-15 15:24:54 Notice: Notice (8): Undefined variable: javascript in [/var/www/appcenter/http/app/views/layouts/default.ctp, line 63]
2011-09-15 15:25:03 Notice: Notice (8): Undefined variable: javascript in [/var/www/appcenter/http/app/views/layouts/default.ctp, line 63]
2011-09-15 15:25:14 Notice: Notice (8): Undefined variable: javascript in [/var/www/appcenter/http/app/views/layouts/default.ctp, line 63]
2011-09-15 15:25:47 Notice: Notice (8): Undefined variable: javascript in [/var/www/appcenter/http/app/views/layouts/default.ctp, line 63]
2011-09-15 15:25:56 Notice: Notice (8): Undefined variable: javascript in [/var/www/appcenter/http/app/views/layouts/default.ctp, line 63]
2011-09-15 16:18:20 Notice: Notice (8): Undefined variable: javascript in [/var/www/appcenter/http/app/views/layouts/default.ctp, line 63]
2011-09-15 16:34:12 Notice: Notice (8): Undefined variable: javascript in [/var/www/appcenter/http/app/views/layouts/default.ctp, line 63]
